2018-06-19 21:40:41.764  INFO 4664 --- [main] c.b.otr.EpisodeDataApplicationTests      : Starting EpisodeDataApplicationTests on jim_8-PC with PID 4664 (started by jim_8 in C:\workspace\otr-services-episode-data-spring)
2018-06-19 21:40:41.767  INFO 4664 --- [main] c.b.otr.EpisodeDataApplicationTests      : The following profiles are active: dev
2018-06-19 21:40:41.784  INFO 4664 --- [main] ConfigServletWebServerApplicationContext : Refreshing org.springframework.boot.web.servlet.context.AnnotationConfigServletWebServerApplicationContext@6d5620ce: startup date [Tue Jun 19 21:40:41 EDT 2018]; root of context hierarchy
2018-06-19 21:40:43.463  INFO 4664 --- [main] trationDelegate$BeanPostProcessorChecker : Bean 'org.springframework.transaction.annotation.ProxyTransactionManagementConfiguration' of type [org.springframework.transaction.annotation.ProxyTransactionManagementConfiguration$$EnhancerBySpringCGLIB$$9b573f02] is not eligible for getting processed by all BeanPostProcessors (for example: not eligible for auto-proxying)
2018-06-19 21:40:43.948  INFO 4664 --- [main] o.s.b.w.embedded.tomcat.TomcatWebServer  : Tomcat initialized with port(s): 0 (http)
2018-06-19 21:40:43.975  INFO 4664 --- [main] o.apache.catalina.core.StandardService   : Starting service [Tomcat]
2018-06-19 21:40:43.976  INFO 4664 --- [main] org.apache.catalina.core.StandardEngine  : Starting Servlet Engine: Apache Tomcat/8.5.31
2018-06-19 21:40:43.983  INFO 4664 --- [localhost-startStop-1] o.a.catalina.core.AprLifecycleListener   : The APR based Apache Tomcat Native library which allows optimal performance in production environments was not found on the java.library.path: [C:\Program Files\Java\jdk1.8.0_92\jre\bin;C:\Windows\Sun\Java\bin;C:\Windows\system32;C:\Windows;C:/Program Files/Java/jdk1.8.0_92/bin/../jre/bin/server;C:/Program Files/Java/jdk1.8.0_92/bin/../jre/bin;C:/Program Files/Java/jdk1.8.0_92/bin/../jre/lib/amd64;C:\Program Files\Java\jdk1.8.0_92\bin;C:\Program Files\curl-7.60.0-win64-mingw\bin;C:\ProgramData\Oracle\Java\javapath;C:\Program Files (x86)\Intel\iCLS Client\;C:\Program Files\Intel\iCLS Client\;C:\Program Files\Common Files\Microsoft Shared\Windows Live;C:\Program Files (x86)\Common Files\Microsoft Shared\Windows Live;C:\Windows\system32;C:\Windows;C:\Windows\System32\Wbem;C:\Windows\System32\WindowsPowerShell\v1.0\;C:\Program Files (x86)\Windows Live\Shared;C:\Program Files (x86)\Intel\OpenCL SDK\3.0\bin\x86;C:\Program Files (x86)\Intel\OpenCL SDK\3.0\bin\x64;C:\Program Files\Intel\Intel(R) Management Engine Components\DAL;C:\Program Files\Intel\Intel(R) Management Engine Components\IPT;C:\Program Files (x86)\Intel\Intel(R) Management Engine Components\DAL;C:\Program Files (x86)\Intel\Intel(R) Management Engine Components\IPT;C:\Program Files (x86)\MySQL\MySQL Fabric 1.5.4 & MySQL Utilities 1.5.4 1.5\;C:\Program Files (x86)\MySQL\MySQL Fabric 1.5.4 & MySQL Utilities 1.5.4 1.5\Doctrine extensions for PHP\;C:\Program Files\nodejs\;C:\Users\jim_8\AppData\Roaming\npm;C:\Windows\system32;;.]
2018-06-19 21:40:44.081  INFO 4664 --- [localhost-startStop-1] o.a.c.c.C.[Tomcat].[localhost].[/]       : Initializing Spring embedded WebApplicationContext
2018-06-19 21:40:44.082  INFO 4664 --- [localhost-startStop-1] o.s.web.context.ContextLoader            : Root WebApplicationContext: initialization completed in 2298 ms
2018-06-19 21:40:44.381  INFO 4664 --- [localhost-startStop-1] o.s.b.w.servlet.ServletRegistrationBean  : Servlet dispatcherServlet mapped to [/]
2018-06-19 21:40:44.382  INFO 4664 --- [localhost-startStop-1] o.s.b.w.servlet.ServletRegistrationBean  : Servlet com.blastfurnace.otr.servlet.LogServlet mapped to [/log]
2018-06-19 21:40:44.382  INFO 4664 --- [localhost-startStop-1] o.s.b.w.servlet.ServletRegistrationBean  : Servlet com.blastfurnace.otr.servlet.PingServlet mapped to [/ping]
2018-06-19 21:40:44.385  INFO 4664 --- [localhost-startStop-1] o.s.b.w.servlet.FilterRegistrationBean   : Mapping filter: 'characterEncodingFilter' to: [/*]
2018-06-19 21:40:44.385  INFO 4664 --- [localhost-startStop-1] o.s.b.w.servlet.FilterRegistrationBean   : Mapping filter: 'hiddenHttpMethodFilter' to: [/*]
2018-06-19 21:40:44.385  INFO 4664 --- [localhost-startStop-1] o.s.b.w.servlet.FilterRegistrationBean   : Mapping filter: 'httpPutFormContentFilter' to: [/*]
2018-06-19 21:40:44.385  INFO 4664 --- [localhost-startStop-1] o.s.b.w.servlet.FilterRegistrationBean   : Mapping filter: 'requestContextFilter' to: [/*]
2018-06-19 21:40:44.386  INFO 4664 --- [localhost-startStop-1] o.s.b.w.servlet.FilterRegistrationBean   : Mapping filter: 'httpTraceFilter' to: [/*]
2018-06-19 21:40:44.386  INFO 4664 --- [localhost-startStop-1] o.s.b.w.servlet.FilterRegistrationBean   : Mapping filter: 'webMvcMetricsFilter' to: [/*]
2018-06-19 21:40:44.557  INFO 4664 --- [main] com.zaxxer.hikari.HikariDataSource       : HikariPool-1 - Starting...
2018-06-19 21:40:44.853  INFO 4664 --- [main] com.zaxxer.hikari.HikariDataSource       : HikariPool-1 - Start completed.
2018-06-19 21:40:44.904  INFO 4664 --- [main] j.LocalContainerEntityManagerFactoryBean : Building JPA container EntityManagerFactory for persistence unit 'default'
2018-06-19 21:40:44.928  INFO 4664 --- [main] o.hibernate.jpa.internal.util.LogHelper  : HHH000204: Processing PersistenceUnitInfo [
	name: default
	...]
2018-06-19 21:40:45.040  INFO 4664 --- [main] org.hibernate.Version                    : HHH000412: Hibernate Core {5.2.17.Final}
2018-06-19 21:40:45.042  INFO 4664 --- [main] org.hibernate.cfg.Environment            : HHH000206: hibernate.properties not found
2018-06-19 21:40:45.102  INFO 4664 --- [main] o.hibernate.annotations.common.Version   : HCANN000001: Hibernate Commons Annotations {5.0.1.Final}
2018-06-19 21:40:45.384  INFO 4664 --- [main] org.hibernate.dialect.Dialect            : HHH000400: Using dialect: org.hibernate.dialect.MySQL5InnoDBDialect
2018-06-19 21:40:46.073  INFO 4664 --- [main] j.LocalContainerEntityManagerFactoryBean : Initialized JPA EntityManagerFactory for persistence unit 'default'
2018-06-19 21:40:46.473  INFO 4664 --- [main] o.h.h.i.QueryTranslatorFactoryInitiator  : HHH000397: Using ASTQueryTranslatorFactory
2018-06-19 21:40:46.770  INFO 4664 --- [main] o.s.w.s.handler.SimpleUrlHandlerMapping  : Mapped URL path [/**/favicon.ico] onto handler of type [class org.springframework.web.servlet.resource.ResourceHttpRequestHandler]
2018-06-19 21:40:47.114  INFO 4664 --- [main] s.w.s.m.m.a.RequestMappingHandlerAdapter : Looking for @ControllerAdvice: org.springframework.boot.web.servlet.context.AnnotationConfigServletWebServerApplicationContext@6d5620ce: startup date [Tue Jun 19 21:40:41 EDT 2018]; root of context hierarchy
2018-06-19 21:40:47.165  WARN 4664 --- [main] aWebConfiguration$JpaWebMvcConfiguration : spring.jpa.open-in-view is enabled by default. Therefore, database queries may be performed during view rendering. Explicitly configure spring.jpa.open-in-view to disable this warning
2018-06-19 21:40:47.200  INFO 4664 --- [main] s.w.s.m.m.a.RequestMappingHandlerMapping : Mapped "{[/rest/get/{id:[\d]+}],methods=[GET]}" onto public org.springframework.http.ResponseEntity<com.blastfurnace.otr.rest.response.GenericRestResponse<com.blastfurnace.otr.service.model.SeriesDataWrapper>> com.blastfurnace.otr.rest.EpisodeDataRestController.get(long)
2018-06-19 21:40:47.202  INFO 4664 --- [main] s.w.s.m.m.a.RequestMappingHandlerMapping : Mapped "{[/rest/delete/{id:[\d]+}],methods=[DELETE]}" onto public org.springframework.http.ResponseEntity<com.blastfurnace.otr.rest.response.GenericRestResponse<java.lang.String>> com.blastfurnace.otr.rest.EpisodeDataRestController.delete(long)
2018-06-19 21:40:47.202  INFO 4664 --- [main] s.w.s.m.m.a.RequestMappingHandlerMapping : Mapped "{[/rest],methods=[POST]}" onto public org.springframework.http.ResponseEntity<com.blastfurnace.otr.rest.response.GenericRestResponse<com.blastfurnace.otr.service.model.SeriesDataWrapper>> com.blastfurnace.otr.rest.EpisodeDataRestController.save(com.blastfurnace.otr.service.model.SeriesDataWrapper)
2018-06-19 21:40:47.203  INFO 4664 --- [main] s.w.s.m.m.a.RequestMappingHandlerMapping : Mapped "{[/rest],methods=[GET]}" onto public org.springframework.http.ResponseEntity<java.util.List<com.blastfurnace.otr.rest.response.GenericRestResponse<java.util.List<java.util.Map<java.lang.String, java.lang.Object>>>>> com.blastfurnace.otr.rest.EpisodeDataRestController.query(java.util.Map<java.lang.String, java.lang.String>)
2018-06-19 21:40:47.203  INFO 4664 --- [main] s.w.s.m.m.a.RequestMappingHandlerMapping : Mapped "{[/rest/resultsCount],methods=[GET]}" onto public org.springframework.http.ResponseEntity<com.blastfurnace.otr.rest.response.GenericRestResponse<java.lang.Long>> com.blastfurnace.otr.rest.EpisodeDataRestController.getResultsCount(java.util.Map<java.lang.String, java.lang.String>)
2018-06-19 21:40:47.207  INFO 4664 --- [main] s.w.s.m.m.a.RequestMappingHandlerMapping : Mapped "{[/error]}" onto public org.springframework.http.ResponseEntity<java.util.Map<java.lang.String, java.lang.Object>> org.springframework.boot.autoconfigure.web.servlet.error.BasicErrorController.error(javax.servlet.http.HttpServletRequest)
2018-06-19 21:40:47.208  INFO 4664 --- [main] s.w.s.m.m.a.RequestMappingHandlerMapping : Mapped "{[/error],produces=[text/html]}" onto public org.springframework.web.servlet.ModelAndView org.springframework.boot.autoconfigure.web.servlet.error.BasicErrorController.errorHtml(javax.servlet.http.HttpServletRequest,javax.servlet.http.HttpServletResponse)
2018-06-19 21:40:47.244  INFO 4664 --- [main] o.s.w.s.handler.SimpleUrlHandlerMapping  : Mapped URL path [/webjars/**] onto handler of type [class org.springframework.web.servlet.resource.ResourceHttpRequestHandler]
2018-06-19 21:40:47.245  INFO 4664 --- [main] o.s.w.s.handler.SimpleUrlHandlerMapping  : Mapped URL path [/**] onto handler of type [class org.springframework.web.servlet.resource.ResourceHttpRequestHandler]
2018-06-19 21:40:48.307  INFO 4664 --- [main] ConfigServletWebServerApplicationContext : Refreshing org.springframework.boot.web.servlet.context.AnnotationConfigServletWebServerApplicationContext@1f71e024: startup date [Tue Jun 19 21:40:48 EDT 2018]; parent: org.springframework.boot.web.servlet.context.AnnotationConfigServletWebServerApplicationContext@6d5620ce
2018-06-19 21:40:48.349  INFO 4664 --- [main] o.s.b.f.s.DefaultListableBeanFactory     : Overriding bean definition for bean 'handlerExceptionResolver' with a different definition: replacing [Root bean: class [null]; scope=; abstract=false; lazyInit=false; autowireMode=3; dependencyCheck=0; autowireCandidate=true; primary=false; factoryBeanName=org.springframework.web.servlet.config.annotation.DelegatingWebMvcConfiguration; factoryMethodName=handlerExceptionResolver; initMethodName=null; destroyMethodName=(inferred); defined in class path resource [org/springframework/web/servlet/config/annotation/DelegatingWebMvcConfiguration.class]] with [Root bean: class [null]; scope=; abstract=false; lazyInit=false; autowireMode=3; dependencyCheck=0; autowireCandidate=true; primary=false; factoryBeanName=org.springframework.boot.actuate.autoconfigure.web.servlet.WebMvcEndpointChildContextConfiguration; factoryMethodName=compositeHandlerExceptionResolver; initMethodName=null; destroyMethodName=(inferred); defined in class path resource [org/springframework/boot/actuate/autoconfigure/web/servlet/WebMvcEndpointChildContextConfiguration.class]]
2018-06-19 21:40:48.388  INFO 4664 --- [main] o.s.b.w.embedded.tomcat.TomcatWebServer  : Tomcat initialized with port(s): 9001 (http)
2018-06-19 21:40:48.389  INFO 4664 --- [main] o.apache.catalina.core.StandardService   : Starting service [Tomcat]
2018-06-19 21:40:48.390  INFO 4664 --- [main] org.apache.catalina.core.StandardEngine  : Starting Servlet Engine: Apache Tomcat/8.5.31
2018-06-19 21:40:48.397  INFO 4664 --- [localhost-startStop-1] o.a.c.c.C.[Tomcat-1].[localhost].[/]     : Initializing Spring embedded WebApplicationContext
2018-06-19 21:40:48.397  INFO 4664 --- [localhost-startStop-1] o.s.web.context.ContextLoader            : Root WebApplicationContext: initialization completed in 90 ms
2018-06-19 21:40:48.424  INFO 4664 --- [localhost-startStop-1] o.s.b.w.servlet.ServletRegistrationBean  : Servlet dispatcherServlet mapped to [/]
2018-06-19 21:40:48.448  INFO 4664 --- [main] o.s.b.a.e.web.EndpointLinksResolver      : Exposing 2 endpoint(s) beneath base path '/actuator'
2018-06-19 21:40:48.459  INFO 4664 --- [main] s.b.a.e.w.s.WebMvcEndpointHandlerMapping : Mapped "{[/actuator/health],methods=[GET],produces=[application/vnd.spring-boot.actuator.v2+json || application/json]}" onto public java.lang.Object org.springframework.boot.actuate.endpoint.web.servlet.AbstractWebMvcEndpointHandlerMapping$OperationHandler.handle(javax.servlet.http.HttpServletRequest,java.util.Map<java.lang.String, java.lang.String>)
2018-06-19 21:40:48.460  INFO 4664 --- [main] s.b.a.e.w.s.WebMvcEndpointHandlerMapping : Mapped "{[/actuator/info],methods=[GET],produces=[application/vnd.spring-boot.actuator.v2+json || application/json]}" onto public java.lang.Object org.springframework.boot.actuate.endpoint.web.servlet.AbstractWebMvcEndpointHandlerMapping$OperationHandler.handle(javax.servlet.http.HttpServletRequest,java.util.Map<java.lang.String, java.lang.String>)
2018-06-19 21:40:48.461  INFO 4664 --- [main] s.b.a.e.w.s.WebMvcEndpointHandlerMapping : Mapped "{[/actuator],methods=[GET],produces=[application/vnd.spring-boot.actuator.v2+json || application/json]}" onto protected java.util.Map<java.lang.String, java.util.Map<java.lang.String, org.springframework.boot.actuate.endpoint.web.Link>> org.springframework.boot.actuate.endpoint.web.servlet.WebMvcEndpointHandlerMapping.links(javax.servlet.http.HttpServletRequest,javax.servlet.http.HttpServletResponse)
2018-06-19 21:40:48.507  INFO 4664 --- [main] s.w.s.m.m.a.RequestMappingHandlerMapping : Mapped "{[/error]}" onto public java.util.Map<java.lang.String, java.lang.Object> org.springframework.boot.actuate.autoconfigure.web.servlet.ManagementErrorEndpoint.invoke(org.springframework.web.context.request.ServletWebRequest)
2018-06-19 21:40:48.515  INFO 4664 --- [main] o.s.w.s.handler.SimpleUrlHandlerMapping  : Mapped URL path [/webjars/**] onto handler of type [class org.springframework.web.servlet.resource.ResourceHttpRequestHandler]
2018-06-19 21:40:48.516  INFO 4664 --- [main] o.s.w.s.handler.SimpleUrlHandlerMapping  : Mapped URL path [/**] onto handler of type [class org.springframework.web.servlet.resource.ResourceHttpRequestHandler]
2018-06-19 21:40:48.539  INFO 4664 --- [main] s.w.s.m.m.a.RequestMappingHandlerAdapter : Looking for @ControllerAdvice: org.springframework.boot.web.servlet.context.AnnotationConfigServletWebServerApplicationContext@1f71e024: startup date [Tue Jun 19 21:40:48 EDT 2018]; parent: org.springframework.boot.web.servlet.context.AnnotationConfigServletWebServerApplicationContext@6d5620ce
2018-06-19 21:40:48.594  INFO 4664 --- [main] o.s.b.w.embedded.tomcat.TomcatWebServer  : Tomcat started on port(s): 9001 (http) with context path ''
2018-06-19 21:40:48.610  INFO 4664 --- [main] o.s.b.w.embedded.tomcat.TomcatWebServer  : Tomcat started on port(s): 57897 (http) with context path ''
2018-06-19 21:40:48.611  INFO 4664 --- [main] c.b.otr.EpisodeDataApplicationTests      : Started EpisodeDataApplicationTests in 7.099 seconds (JVM running for 7.837)
2018-06-19 21:40:48.805  INFO 4664 --- [http-nio-127.0.0.1-9001-exec-1] o.a.c.c.C.[Tomcat-1].[localhost].[/]     : Initializing Spring FrameworkServlet 'dispatcherServlet'
2018-06-19 21:40:48.805  INFO 4664 --- [http-nio-127.0.0.1-9001-exec-1] o.s.web.servlet.DispatcherServlet        : FrameworkServlet 'dispatcherServlet': initialization started
2018-06-19 21:40:48.820  INFO 4664 --- [http-nio-127.0.0.1-9001-exec-1] o.s.web.servlet.DispatcherServlet        : FrameworkServlet 'dispatcherServlet': initialization completed in 15 ms
2018-06-19 21:40:48.993  INFO 4664 --- [http-nio-auto-1-exec-1] o.a.c.c.C.[Tomcat].[localhost].[/]       : Initializing Spring FrameworkServlet 'dispatcherServlet'
2018-06-19 21:40:48.993  INFO 4664 --- [http-nio-auto-1-exec-1] o.s.web.servlet.DispatcherServlet        : FrameworkServlet 'dispatcherServlet': initialization started
2018-06-19 21:40:49.004  INFO 4664 --- [http-nio-auto-1-exec-1] o.s.web.servlet.DispatcherServlet        : FrameworkServlet 'dispatcherServlet': initialization completed in 11 ms
2018-06-19 21:40:49.111 DEBUG 4664 --- [http-nio-auto-1-exec-1] org.hibernate.SQL                        : select series0_.id as id1_1_0_, series0_.broadcast_over as broadcas2_1_0_, series0_.country as country3_1_0_, series0_.episode_count as episode_4_1_0_, series0_.genre as genre5_1_0_, series0_.indexed as indexed6_1_0_, series0_.last_update as last_upd7_1_0_, series0_.log_file as log_file8_1_0_, series0_.program_length as program_9_1_0_, series0_.run_dates as run_dat10_1_0_, series0_.search_title as search_11_1_0_, series0_.title as title12_1_0_ from series series0_ where series0_.id=?
2018-06-19 21:40:49.402 DEBUG 4664 --- [http-nio-auto-1-exec-1] org.hibernate.SQL                        : select seriesalia0_.id as id1_2_, seriesalia0_.alias as alias2_2_, seriesalia0_.series_id as series_i3_2_ from series_alias seriesalia0_ where seriesalia0_.series_id=?
2018-06-19 21:40:49.441 DEBUG 4664 --- [http-nio-auto-1-exec-1] org.hibernate.SQL                        : select seriesalia0_.id as id1_2_, seriesalia0_.alias as alias2_2_, seriesalia0_.series_id as series_i3_2_ from series_alias seriesalia0_ where seriesalia0_.series_id=?
2018-06-19 21:40:49.519 DEBUG 4664 --- [http-nio-auto-1-exec-2] org.hibernate.SQL                        : select series0_.id as id1_1_0_, series0_.broadcast_over as broadcas2_1_0_, series0_.country as country3_1_0_, series0_.episode_count as episode_4_1_0_, series0_.genre as genre5_1_0_, series0_.indexed as indexed6_1_0_, series0_.last_update as last_upd7_1_0_, series0_.log_file as log_file8_1_0_, series0_.program_length as program_9_1_0_, series0_.run_dates as run_dat10_1_0_, series0_.search_title as search_11_1_0_, series0_.title as title12_1_0_ from series series0_ where series0_.id=?
2018-06-19 21:40:49.522 DEBUG 4664 --- [http-nio-auto-1-exec-2] org.hibernate.SQL                        : select seriesalia0_.id as id1_2_, seriesalia0_.alias as alias2_2_, seriesalia0_.series_id as series_i3_2_ from series_alias seriesalia0_ where seriesalia0_.series_id=?
2018-06-19 21:40:49.523 DEBUG 4664 --- [http-nio-auto-1-exec-2] org.hibernate.SQL                        : select seriesalia0_.id as id1_2_, seriesalia0_.alias as alias2_2_, seriesalia0_.series_id as series_i3_2_ from series_alias seriesalia0_ where seriesalia0_.series_id=?
2018-06-19 21:40:49.586 DEBUG 4664 --- [http-nio-auto-1-exec-3] org.hibernate.SQL                        : select series0_.id as id1_1_0_, series0_.broadcast_over as broadcas2_1_0_, series0_.country as country3_1_0_, series0_.episode_count as episode_4_1_0_, series0_.genre as genre5_1_0_, series0_.indexed as indexed6_1_0_, series0_.last_update as last_upd7_1_0_, series0_.log_file as log_file8_1_0_, series0_.program_length as program_9_1_0_, series0_.run_dates as run_dat10_1_0_, series0_.search_title as search_11_1_0_, series0_.title as title12_1_0_ from series series0_ where series0_.id=?
2018-06-19 21:40:49.589 DEBUG 4664 --- [http-nio-auto-1-exec-3] org.hibernate.SQL                        : select seriesalia0_.id as id1_2_, seriesalia0_.alias as alias2_2_, seriesalia0_.series_id as series_i3_2_ from series_alias seriesalia0_ where seriesalia0_.series_id=?
2018-06-19 21:40:49.590 DEBUG 4664 --- [http-nio-auto-1-exec-3] org.hibernate.SQL                        : select seriesalia0_.id as id1_2_, seriesalia0_.alias as alias2_2_, seriesalia0_.series_id as series_i3_2_ from series_alias seriesalia0_ where seriesalia0_.series_id=?
2018-06-19 21:40:49.710  INFO 4664 --- [Thread-6] ConfigServletWebServerApplicationContext : Closing org.springframework.boot.web.servlet.context.AnnotationConfigServletWebServerApplicationContext@6d5620ce: startup date [Tue Jun 19 21:40:41 EDT 2018]; root of context hierarchy
2018-06-19 21:40:49.711  INFO 4664 --- [Thread-6] ConfigServletWebServerApplicationContext : Closing org.springframework.boot.web.servlet.context.AnnotationConfigServletWebServerApplicationContext@1f71e024: startup date [Tue Jun 19 21:40:48 EDT 2018]; parent: org.springframework.boot.web.servlet.context.AnnotationConfigServletWebServerApplicationContext@6d5620ce
2018-06-19 21:40:49.781  INFO 4664 --- [Thread-6] j.LocalContainerEntityManagerFactoryBean : Closing JPA EntityManagerFactory for persistence unit 'default'
2018-06-19 21:40:49.782  INFO 4664 --- [Thread-6] com.zaxxer.hikari.HikariDataSource       : HikariPool-1 - Shutdown initiated...
2018-06-19 21:40:49.785  INFO 4664 --- [Thread-6] com.zaxxer.hikari.HikariDataSource       : HikariPool-1 - Shutdown completed.
2018-06-19 21:45:00.377  INFO 6176 --- [main] c.b.otr.EpisodeDataApplicationTests      : Starting EpisodeDataApplicationTests on jim_8-PC with PID 6176 (started by jim_8 in C:\workspace\otr-services-episode-data-spring)
2018-06-19 21:45:00.378  INFO 6176 --- [main] c.b.otr.EpisodeDataApplicationTests      : The following profiles are active: dev
2018-06-19 21:45:00.402  INFO 6176 --- [main] ConfigServletWebServerApplicationContext : Refreshing org.springframework.boot.web.servlet.context.AnnotationConfigServletWebServerApplicationContext@415b0b49: startup date [Tue Jun 19 21:45:00 EDT 2018]; root of context hierarchy
2018-06-19 21:45:02.358  INFO 6176 --- [main] trationDelegate$BeanPostProcessorChecker : Bean 'org.springframework.transaction.annotation.ProxyTransactionManagementConfiguration' of type [org.springframework.transaction.annotation.ProxyTransactionManagementConfiguration$$EnhancerBySpringCGLIB$$f882acc1] is not eligible for getting processed by all BeanPostProcessors (for example: not eligible for auto-proxying)
2018-06-19 21:45:03.045  INFO 6176 --- [main] o.s.b.w.embedded.tomcat.TomcatWebServer  : Tomcat initialized with port(s): 0 (http)
2018-06-19 21:45:03.072  INFO 6176 --- [main] o.apache.catalina.core.StandardService   : Starting service [Tomcat]
2018-06-19 21:45:03.072  INFO 6176 --- [main] org.apache.catalina.core.StandardEngine  : Starting Servlet Engine: Apache Tomcat/8.5.31
2018-06-19 21:45:03.082  INFO 6176 --- [localhost-startStop-1] o.a.catalina.core.AprLifecycleListener   : The APR based Apache Tomcat Native library which allows optimal performance in production environments was not found on the java.library.path: [C:\Program Files\Java\jdk1.8.0_92\jre\bin;C:\Windows\Sun\Java\bin;C:\Windows\system32;C:\Windows;C:/Program Files/Java/jdk1.8.0_92/bin/../jre/bin/server;C:/Program Files/Java/jdk1.8.0_92/bin/../jre/bin;C:/Program Files/Java/jdk1.8.0_92/bin/../jre/lib/amd64;C:\Program Files\Java\jdk1.8.0_92\bin;C:\Program Files\curl-7.60.0-win64-mingw\bin;C:\ProgramData\Oracle\Java\javapath;C:\Program Files (x86)\Intel\iCLS Client\;C:\Program Files\Intel\iCLS Client\;C:\Program Files\Common Files\Microsoft Shared\Windows Live;C:\Program Files (x86)\Common Files\Microsoft Shared\Windows Live;C:\Windows\system32;C:\Windows;C:\Windows\System32\Wbem;C:\Windows\System32\WindowsPowerShell\v1.0\;C:\Program Files (x86)\Windows Live\Shared;C:\Program Files (x86)\Intel\OpenCL SDK\3.0\bin\x86;C:\Program Files (x86)\Intel\OpenCL SDK\3.0\bin\x64;C:\Program Files\Intel\Intel(R) Management Engine Components\DAL;C:\Program Files\Intel\Intel(R) Management Engine Components\IPT;C:\Program Files (x86)\Intel\Intel(R) Management Engine Components\DAL;C:\Program Files (x86)\Intel\Intel(R) Management Engine Components\IPT;C:\Program Files (x86)\MySQL\MySQL Fabric 1.5.4 & MySQL Utilities 1.5.4 1.5\;C:\Program Files (x86)\MySQL\MySQL Fabric 1.5.4 & MySQL Utilities 1.5.4 1.5\Doctrine extensions for PHP\;C:\Program Files\nodejs\;C:\Users\jim_8\AppData\Roaming\npm;C:\Windows\system32;;.]
2018-06-19 21:45:03.229  INFO 6176 --- [localhost-startStop-1] o.a.c.c.C.[Tomcat].[localhost].[/]       : Initializing Spring embedded WebApplicationContext
2018-06-19 21:45:03.229  INFO 6176 --- [localhost-startStop-1] o.s.web.context.ContextLoader            : Root WebApplicationContext: initialization completed in 2827 ms
2018-06-19 21:45:03.659  INFO 6176 --- [localhost-startStop-1] o.s.b.w.servlet.ServletRegistrationBean  : Servlet dispatcherServlet mapped to [/]
2018-06-19 21:45:03.662  INFO 6176 --- [localhost-startStop-1] o.s.b.w.servlet.ServletRegistrationBean  : Servlet com.blastfurnace.otr.servlet.LogServlet mapped to [/log]
2018-06-19 21:45:03.664  INFO 6176 --- [localhost-startStop-1] o.s.b.w.servlet.ServletRegistrationBean  : Servlet com.blastfurnace.otr.servlet.PingServlet mapped to [/ping]
2018-06-19 21:45:03.666  INFO 6176 --- [localhost-startStop-1] o.s.b.w.servlet.FilterRegistrationBean   : Mapping filter: 'characterEncodingFilter' to: [/*]
2018-06-19 21:45:03.667  INFO 6176 --- [localhost-startStop-1] o.s.b.w.servlet.FilterRegistrationBean   : Mapping filter: 'hiddenHttpMethodFilter' to: [/*]
2018-06-19 21:45:03.667  INFO 6176 --- [localhost-startStop-1] o.s.b.w.servlet.FilterRegistrationBean   : Mapping filter: 'httpPutFormContentFilter' to: [/*]
2018-06-19 21:45:03.667  INFO 6176 --- [localhost-startStop-1] o.s.b.w.servlet.FilterRegistrationBean   : Mapping filter: 'requestContextFilter' to: [/*]
2018-06-19 21:45:03.668  INFO 6176 --- [localhost-startStop-1] o.s.b.w.servlet.FilterRegistrationBean   : Mapping filter: 'httpTraceFilter' to: [/*]
2018-06-19 21:45:03.668  INFO 6176 --- [localhost-startStop-1] o.s.b.w.servlet.FilterRegistrationBean   : Mapping filter: 'webMvcMetricsFilter' to: [/*]
2018-06-19 21:45:03.892  INFO 6176 --- [main] com.zaxxer.hikari.HikariDataSource       : HikariPool-1 - Starting...
2018-06-19 21:45:04.249  INFO 6176 --- [main] com.zaxxer.hikari.HikariDataSource       : HikariPool-1 - Start completed.
2018-06-19 21:45:04.291  INFO 6176 --- [main] j.LocalContainerEntityManagerFactoryBean : Building JPA container EntityManagerFactory for persistence unit 'default'
2018-06-19 21:45:04.320  INFO 6176 --- [main] o.hibernate.jpa.internal.util.LogHelper  : HHH000204: Processing PersistenceUnitInfo [
	name: default
	...]
2018-06-19 21:45:04.443  INFO 6176 --- [main] org.hibernate.Version                    : HHH000412: Hibernate Core {5.2.17.Final}
2018-06-19 21:45:04.445  INFO 6176 --- [main] org.hibernate.cfg.Environment            : HHH000206: hibernate.properties not found
2018-06-19 21:45:04.511  INFO 6176 --- [main] o.hibernate.annotations.common.Version   : HCANN000001: Hibernate Commons Annotations {5.0.1.Final}
2018-06-19 21:45:04.708  INFO 6176 --- [main] org.hibernate.dialect.Dialect            : HHH000400: Using dialect: org.hibernate.dialect.MySQL5InnoDBDialect
2018-06-19 21:45:05.543  INFO 6176 --- [main] j.LocalContainerEntityManagerFactoryBean : Initialized JPA EntityManagerFactory for persistence unit 'default'
2018-06-19 21:45:06.050  INFO 6176 --- [main] o.h.h.i.QueryTranslatorFactoryInitiator  : HHH000397: Using ASTQueryTranslatorFactory
2018-06-19 21:45:06.514  INFO 6176 --- [main] o.s.w.s.handler.SimpleUrlHandlerMapping  : Mapped URL path [/**/favicon.ico] onto handler of type [class org.springframework.web.servlet.resource.ResourceHttpRequestHandler]
2018-06-19 21:45:07.655  INFO 6176 --- [main] s.w.s.m.m.a.RequestMappingHandlerAdapter : Looking for @ControllerAdvice: org.springframework.boot.web.servlet.context.AnnotationConfigServletWebServerApplicationContext@415b0b49: startup date [Tue Jun 19 21:45:00 EDT 2018]; root of context hierarchy
2018-06-19 21:45:07.717  WARN 6176 --- [main] aWebConfiguration$JpaWebMvcConfiguration : spring.jpa.open-in-view is enabled by default. Therefore, database queries may be performed during view rendering. Explicitly configure spring.jpa.open-in-view to disable this warning
2018-06-19 21:45:07.767  INFO 6176 --- [main] s.w.s.m.m.a.RequestMappingHandlerMapping : Mapped "{[/rest/get/{id:[\d]+}],methods=[GET]}" onto public org.springframework.http.ResponseEntity<com.blastfurnace.otr.rest.response.GenericRestResponse<com.blastfurnace.otr.service.model.SeriesDataWrapper>> com.blastfurnace.otr.rest.EpisodeDataRestController.get(long)
2018-06-19 21:45:07.768  INFO 6176 --- [main] s.w.s.m.m.a.RequestMappingHandlerMapping : Mapped "{[/rest/delete/{id:[\d]+}],methods=[DELETE]}" onto public org.springframework.http.ResponseEntity<com.blastfurnace.otr.rest.response.GenericRestResponse<java.lang.String>> com.blastfurnace.otr.rest.EpisodeDataRestController.delete(long)
2018-06-19 21:45:07.769  INFO 6176 --- [main] s.w.s.m.m.a.RequestMappingHandlerMapping : Mapped "{[/rest],methods=[POST]}" onto public org.springframework.http.ResponseEntity<com.blastfurnace.otr.rest.response.GenericRestResponse<com.blastfurnace.otr.service.model.SeriesDataWrapper>> com.blastfurnace.otr.rest.EpisodeDataRestController.save(com.blastfurnace.otr.service.model.SeriesDataWrapper)
2018-06-19 21:45:07.770  INFO 6176 --- [main] s.w.s.m.m.a.RequestMappingHandlerMapping : Mapped "{[/rest],methods=[GET]}" onto public org.springframework.http.ResponseEntity<java.util.List<com.blastfurnace.otr.rest.response.GenericRestResponse<java.util.List<java.util.Map<java.lang.String, java.lang.Object>>>>> com.blastfurnace.otr.rest.EpisodeDataRestController.query(java.util.Map<java.lang.String, java.lang.String>)
2018-06-19 21:45:07.772  INFO 6176 --- [main] s.w.s.m.m.a.RequestMappingHandlerMapping : Mapped "{[/rest/resultsCount],methods=[GET]}" onto public org.springframework.http.ResponseEntity<com.blastfurnace.otr.rest.response.GenericRestResponse<java.lang.Long>> com.blastfurnace.otr.rest.EpisodeDataRestController.getResultsCount(java.util.Map<java.lang.String, java.lang.String>)
2018-06-19 21:45:07.776  INFO 6176 --- [main] s.w.s.m.m.a.RequestMappingHandlerMapping : Mapped "{[/error]}" onto public org.springframework.http.ResponseEntity<java.util.Map<java.lang.String, java.lang.Object>> org.springframework.boot.autoconfigure.web.servlet.error.BasicErrorController.error(javax.servlet.http.HttpServletRequest)
2018-06-19 21:45:07.777  INFO 6176 --- [main] s.w.s.m.m.a.RequestMappingHandlerMapping : Mapped "{[/error],produces=[text/html]}" onto public org.springframework.web.servlet.ModelAndView org.springframework.boot.autoconfigure.web.servlet.error.BasicErrorController.errorHtml(javax.servlet.http.HttpServletRequest,javax.servlet.http.HttpServletResponse)
2018-06-19 21:45:07.822  INFO 6176 --- [main] o.s.w.s.handler.SimpleUrlHandlerMapping  : Mapped URL path [/webjars/**] onto handler of type [class org.springframework.web.servlet.resource.ResourceHttpRequestHandler]
2018-06-19 21:45:07.823  INFO 6176 --- [main] o.s.w.s.handler.SimpleUrlHandlerMapping  : Mapped URL path [/**] onto handler of type [class org.springframework.web.servlet.resource.ResourceHttpRequestHandler]
2018-06-19 21:45:08.831  INFO 6176 --- [main] ConfigServletWebServerApplicationContext : Refreshing org.springframework.boot.web.servlet.context.AnnotationConfigServletWebServerApplicationContext@4b3ad7ca: startup date [Tue Jun 19 21:45:08 EDT 2018]; parent: org.springframework.boot.web.servlet.context.AnnotationConfigServletWebServerApplicationContext@415b0b49
2018-06-19 21:45:09.173  INFO 6176 --- [main] o.s.b.f.s.DefaultListableBeanFactory     : Overriding bean definition for bean 'handlerExceptionResolver' with a different definition: replacing [Root bean: class [null]; scope=; abstract=false; lazyInit=false; autowireMode=3; dependencyCheck=0; autowireCandidate=true; primary=false; factoryBeanName=org.springframework.web.servlet.config.annotation.DelegatingWebMvcConfiguration; factoryMethodName=handlerExceptionResolver; initMethodName=null; destroyMethodName=(inferred); defined in class path resource [org/springframework/web/servlet/config/annotation/DelegatingWebMvcConfiguration.class]] with [Root bean: class [null]; scope=; abstract=false; lazyInit=false; autowireMode=3; dependencyCheck=0; autowireCandidate=true; primary=false; factoryBeanName=org.springframework.boot.actuate.autoconfigure.web.servlet.WebMvcEndpointChildContextConfiguration; factoryMethodName=compositeHandlerExceptionResolver; initMethodName=null; destroyMethodName=(inferred); defined in class path resource [org/springframework/boot/actuate/autoconfigure/web/servlet/WebMvcEndpointChildContextConfiguration.class]]
2018-06-19 21:45:09.229  INFO 6176 --- [main] o.s.b.w.embedded.tomcat.TomcatWebServer  : Tomcat initialized with port(s): 9001 (http)
2018-06-19 21:45:09.232  INFO 6176 --- [main] o.apache.catalina.core.StandardService   : Starting service [Tomcat]
2018-06-19 21:45:09.232  INFO 6176 --- [main] org.apache.catalina.core.StandardEngine  : Starting Servlet Engine: Apache Tomcat/8.5.31
2018-06-19 21:45:09.241  INFO 6176 --- [localhost-startStop-1] o.a.c.c.C.[Tomcat-1].[localhost].[/]     : Initializing Spring embedded WebApplicationContext
2018-06-19 21:45:09.242  INFO 6176 --- [localhost-startStop-1] o.s.web.context.ContextLoader            : Root WebApplicationContext: initialization completed in 411 ms
2018-06-19 21:45:09.269  INFO 6176 --- [localhost-startStop-1] o.s.b.w.servlet.ServletRegistrationBean  : Servlet dispatcherServlet mapped to [/]
2018-06-19 21:45:09.291  INFO 6176 --- [main] o.s.b.a.e.web.EndpointLinksResolver      : Exposing 2 endpoint(s) beneath base path '/actuator'
2018-06-19 21:45:09.310  INFO 6176 --- [main] s.b.a.e.w.s.WebMvcEndpointHandlerMapping : Mapped "{[/actuator/health],methods=[GET],produces=[application/vnd.spring-boot.actuator.v2+json || application/json]}" onto public java.lang.Object org.springframework.boot.actuate.endpoint.web.servlet.AbstractWebMvcEndpointHandlerMapping$OperationHandler.handle(javax.servlet.http.HttpServletRequest,java.util.Map<java.lang.String, java.lang.String>)
2018-06-19 21:45:09.311  INFO 6176 --- [main] s.b.a.e.w.s.WebMvcEndpointHandlerMapping : Mapped "{[/actuator/info],methods=[GET],produces=[application/vnd.spring-boot.actuator.v2+json || application/json]}" onto public java.lang.Object org.springframework.boot.actuate.endpoint.web.servlet.AbstractWebMvcEndpointHandlerMapping$OperationHandler.handle(javax.servlet.http.HttpServletRequest,java.util.Map<java.lang.String, java.lang.String>)
2018-06-19 21:45:09.313  INFO 6176 --- [main] s.b.a.e.w.s.WebMvcEndpointHandlerMapping : Mapped "{[/actuator],methods=[GET],produces=[application/vnd.spring-boot.actuator.v2+json || application/json]}" onto protected java.util.Map<java.lang.String, java.util.Map<java.lang.String, org.springframework.boot.actuate.endpoint.web.Link>> org.springframework.boot.actuate.endpoint.web.servlet.WebMvcEndpointHandlerMapping.links(javax.servlet.http.HttpServletRequest,javax.servlet.http.HttpServletResponse)
2018-06-19 21:45:09.354  INFO 6176 --- [main] s.w.s.m.m.a.RequestMappingHandlerMapping : Mapped "{[/error]}" onto public java.util.Map<java.lang.String, java.lang.Object> org.springframework.boot.actuate.autoconfigure.web.servlet.ManagementErrorEndpoint.invoke(org.springframework.web.context.request.ServletWebRequest)
2018-06-19 21:45:09.365  INFO 6176 --- [main] o.s.w.s.handler.SimpleUrlHandlerMapping  : Mapped URL path [/webjars/**] onto handler of type [class org.springframework.web.servlet.resource.ResourceHttpRequestHandler]
2018-06-19 21:45:09.366  INFO 6176 --- [main] o.s.w.s.handler.SimpleUrlHandlerMapping  : Mapped URL path [/**] onto handler of type [class org.springframework.web.servlet.resource.ResourceHttpRequestHandler]
2018-06-19 21:45:09.391  INFO 6176 --- [main] s.w.s.m.m.a.RequestMappingHandlerAdapter : Looking for @ControllerAdvice: org.springframework.boot.web.servlet.context.AnnotationConfigServletWebServerApplicationContext@4b3ad7ca: startup date [Tue Jun 19 21:45:08 EDT 2018]; parent: org.springframework.boot.web.servlet.context.AnnotationConfigServletWebServerApplicationContext@415b0b49
2018-06-19 21:45:12.723  INFO 6176 --- [main] o.s.b.w.embedded.tomcat.TomcatWebServer  : Tomcat started on port(s): 9001 (http) with context path ''
2018-06-19 21:45:12.735  INFO 6176 --- [main] o.s.b.w.embedded.tomcat.TomcatWebServer  : Tomcat started on port(s): 57932 (http) with context path ''
2018-06-19 21:45:12.736  INFO 6176 --- [main] c.b.otr.EpisodeDataApplicationTests      : Started EpisodeDataApplicationTests in 12.739 seconds (JVM running for 15.129)
2018-06-19 21:45:28.016  INFO 6176 --- [http-nio-127.0.0.1-9001-exec-1] o.a.c.c.C.[Tomcat-1].[localhost].[/]     : Initializing Spring FrameworkServlet 'dispatcherServlet'
2018-06-19 21:45:28.021  INFO 6176 --- [http-nio-127.0.0.1-9001-exec-1] o.s.web.servlet.DispatcherServlet        : FrameworkServlet 'dispatcherServlet': initialization started
2018-06-19 21:45:28.035  INFO 6176 --- [http-nio-127.0.0.1-9001-exec-1] o.s.web.servlet.DispatcherServlet        : FrameworkServlet 'dispatcherServlet': initialization completed in 14 ms
2018-06-19 21:45:28.257  INFO 6176 --- [http-nio-auto-1-exec-1] o.a.c.c.C.[Tomcat].[localhost].[/]       : Initializing Spring FrameworkServlet 'dispatcherServlet'
2018-06-19 21:45:28.258  INFO 6176 --- [http-nio-auto-1-exec-1] o.s.web.servlet.DispatcherServlet        : FrameworkServlet 'dispatcherServlet': initialization started
2018-06-19 21:45:28.263  INFO 6176 --- [http-nio-auto-1-exec-1] o.s.web.servlet.DispatcherServlet        : FrameworkServlet 'dispatcherServlet': initialization completed in 5 ms
2018-06-19 21:45:28.308 DEBUG 6176 --- [http-nio-auto-1-exec-1] org.hibernate.SQL                        : select series0_.id as id1_1_0_, series0_.broadcast_over as broadcas2_1_0_, series0_.country as country3_1_0_, series0_.episode_count as episode_4_1_0_, series0_.genre as genre5_1_0_, series0_.indexed as indexed6_1_0_, series0_.last_update as last_upd7_1_0_, series0_.log_file as log_file8_1_0_, series0_.program_length as program_9_1_0_, series0_.run_dates as run_dat10_1_0_, series0_.search_title as search_11_1_0_, series0_.title as title12_1_0_ from series series0_ where series0_.id=?
2018-06-19 21:45:28.360 DEBUG 6176 --- [http-nio-auto-1-exec-1] org.hibernate.SQL                        : select seriesalia0_.id as id1_2_, seriesalia0_.alias as alias2_2_, seriesalia0_.series_id as series_i3_2_ from series_alias seriesalia0_ where seriesalia0_.series_id=?
2018-06-19 21:45:28.366 DEBUG 6176 --- [http-nio-auto-1-exec-1] org.hibernate.SQL                        : select seriesalia0_.id as id1_2_, seriesalia0_.alias as alias2_2_, seriesalia0_.series_id as series_i3_2_ from series_alias seriesalia0_ where seriesalia0_.series_id=?
2018-06-19 21:45:28.422 DEBUG 6176 --- [http-nio-auto-1-exec-2] org.hibernate.SQL                        : select series0_.id as id1_1_0_, series0_.broadcast_over as broadcas2_1_0_, series0_.country as country3_1_0_, series0_.episode_count as episode_4_1_0_, series0_.genre as genre5_1_0_, series0_.indexed as indexed6_1_0_, series0_.last_update as last_upd7_1_0_, series0_.log_file as log_file8_1_0_, series0_.program_length as program_9_1_0_, series0_.run_dates as run_dat10_1_0_, series0_.search_title as search_11_1_0_, series0_.title as title12_1_0_ from series series0_ where series0_.id=?
2018-06-19 21:45:28.427 DEBUG 6176 --- [http-nio-auto-1-exec-2] org.hibernate.SQL                        : select seriesalia0_.id as id1_2_, seriesalia0_.alias as alias2_2_, seriesalia0_.series_id as series_i3_2_ from series_alias seriesalia0_ where seriesalia0_.series_id=?
2018-06-19 21:45:28.428 DEBUG 6176 --- [http-nio-auto-1-exec-2] org.hibernate.SQL                        : select seriesalia0_.id as id1_2_, seriesalia0_.alias as alias2_2_, seriesalia0_.series_id as series_i3_2_ from series_alias seriesalia0_ where seriesalia0_.series_id=?
2018-06-19 21:45:28.803 DEBUG 6176 --- [http-nio-auto-1-exec-3] org.hibernate.SQL                        : select series0_.id as id1_1_0_, series0_.broadcast_over as broadcas2_1_0_, series0_.country as country3_1_0_, series0_.episode_count as episode_4_1_0_, series0_.genre as genre5_1_0_, series0_.indexed as indexed6_1_0_, series0_.last_update as last_upd7_1_0_, series0_.log_file as log_file8_1_0_, series0_.program_length as program_9_1_0_, series0_.run_dates as run_dat10_1_0_, series0_.search_title as search_11_1_0_, series0_.title as title12_1_0_ from series series0_ where series0_.id=?
2018-06-19 21:45:28.807 DEBUG 6176 --- [http-nio-auto-1-exec-3] org.hibernate.SQL                        : select seriesalia0_.id as id1_2_, seriesalia0_.alias as alias2_2_, seriesalia0_.series_id as series_i3_2_ from series_alias seriesalia0_ where seriesalia0_.series_id=?
2018-06-19 21:45:28.809 DEBUG 6176 --- [http-nio-auto-1-exec-3] org.hibernate.SQL                        : select seriesalia0_.id as id1_2_, seriesalia0_.alias as alias2_2_, seriesalia0_.series_id as series_i3_2_ from series_alias seriesalia0_ where seriesalia0_.series_id=?
2018-06-19 21:45:28.859  INFO 6176 --- [Thread-6] ConfigServletWebServerApplicationContext : Closing org.springframework.boot.web.servlet.context.AnnotationConfigServletWebServerApplicationContext@415b0b49: startup date [Tue Jun 19 21:45:00 EDT 2018]; root of context hierarchy
2018-06-19 21:45:28.860  INFO 6176 --- [Thread-6] ConfigServletWebServerApplicationContext : Closing org.springframework.boot.web.servlet.context.AnnotationConfigServletWebServerApplicationContext@4b3ad7ca: startup date [Tue Jun 19 21:45:08 EDT 2018]; parent: org.springframework.boot.web.servlet.context.AnnotationConfigServletWebServerApplicationContext@415b0b49
2018-06-19 21:45:29.071  INFO 6176 --- [Thread-6] j.LocalContainerEntityManagerFactoryBean : Closing JPA EntityManagerFactory for persistence unit 'default'
2018-06-19 21:45:29.072  INFO 6176 --- [Thread-6] com.zaxxer.hikari.HikariDataSource       : HikariPool-1 - Shutdown initiated...
2018-06-19 21:45:29.075  INFO 6176 --- [Thread-6] com.zaxxer.hikari.HikariDataSource       : HikariPool-1 - Shutdown completed.
