2018-07-01 21:45:43.568  INFO 2576 --- [main] c.b.o.e.EpisodeServiceApplicationTests   : Starting EpisodeServiceApplicationTests on jim_8-PC with PID 2576 (started by jim_8 in C:\workspace\otr-services-episode-data-spring)
2018-07-01 21:45:43.569  INFO 2576 --- [main] c.b.o.e.EpisodeServiceApplicationTests   : The following profiles are active: dev
2018-07-01 21:45:43.598  INFO 2576 --- [main] ConfigServletWebServerApplicationContext : Refreshing org.springframework.boot.web.servlet.context.AnnotationConfigServletWebServerApplicationContext@21be3395: startup date [Sun Jul 01 21:45:43 EDT 2018]; root of context hierarchy
2018-07-01 21:45:45.140  INFO 2576 --- [main] trationDelegate$BeanPostProcessorChecker : Bean 'org.springframework.transaction.annotation.ProxyTransactionManagementConfiguration' of type [org.springframework.transaction.annotation.ProxyTransactionManagementConfiguration$$EnhancerBySpringCGLIB$$f5503200] is not eligible for getting processed by all BeanPostProcessors (for example: not eligible for auto-proxying)
2018-07-01 21:45:45.615  INFO 2576 --- [main] o.s.b.w.embedded.tomcat.TomcatWebServer  : Tomcat initialized with port(s): 0 (http)
2018-07-01 21:45:45.640  INFO 2576 --- [main] o.apache.catalina.core.StandardService   : Starting service [Tomcat]
2018-07-01 21:45:45.640  INFO 2576 --- [main] org.apache.catalina.core.StandardEngine  : Starting Servlet Engine: Apache Tomcat/8.5.31
2018-07-01 21:45:45.649  INFO 2576 --- [localhost-startStop-1] o.a.catalina.core.AprLifecycleListener   : The APR based Apache Tomcat Native library which allows optimal performance in production environments was not found on the java.library.path: [C:\Program Files\Java\jdk1.8.0_92\jre\bin;C:\Windows\Sun\Java\bin;C:\Windows\system32;C:\Windows;C:/Program Files/Java/jdk1.8.0_92/bin/../jre/bin/server;C:/Program Files/Java/jdk1.8.0_92/bin/../jre/bin;C:/Program Files/Java/jdk1.8.0_92/bin/../jre/lib/amd64;C:\Program Files\Java\jdk1.8.0_92\bin;C:\Program Files\curl-7.60.0-win64-mingw\bin;C:\ProgramData\Oracle\Java\javapath;C:\Program Files (x86)\Intel\iCLS Client\;C:\Program Files\Intel\iCLS Client\;C:\Program Files\Common Files\Microsoft Shared\Windows Live;C:\Program Files (x86)\Common Files\Microsoft Shared\Windows Live;C:\Windows\system32;C:\Windows;C:\Windows\System32\Wbem;C:\Windows\System32\WindowsPowerShell\v1.0\;C:\Program Files (x86)\Windows Live\Shared;C:\Program Files (x86)\Intel\OpenCL SDK\3.0\bin\x86;C:\Program Files (x86)\Intel\OpenCL SDK\3.0\bin\x64;C:\Program Files\Intel\Intel(R) Management Engine Components\DAL;C:\Program Files\Intel\Intel(R) Management Engine Components\IPT;C:\Program Files (x86)\Intel\Intel(R) Management Engine Components\DAL;C:\Program Files (x86)\Intel\Intel(R) Management Engine Components\IPT;C:\Program Files (x86)\MySQL\MySQL Fabric 1.5.4 & MySQL Utilities 1.5.4 1.5\;C:\Program Files (x86)\MySQL\MySQL Fabric 1.5.4 & MySQL Utilities 1.5.4 1.5\Doctrine extensions for PHP\;C:\Program Files\nodejs\;C:\Users\jim_8\AppData\Roaming\npm;C:\Windows\system32;;.]
2018-07-01 21:45:45.753  INFO 2576 --- [localhost-startStop-1] o.a.c.c.C.[Tomcat].[localhost].[/]       : Initializing Spring embedded WebApplicationContext
2018-07-01 21:45:45.753  INFO 2576 --- [localhost-startStop-1] o.s.web.context.ContextLoader            : Root WebApplicationContext: initialization completed in 2155 ms
2018-07-01 21:45:46.238  INFO 2576 --- [localhost-startStop-1] com.zaxxer.hikari.HikariDataSource       : HikariPool-1 - Starting...
2018-07-01 21:45:46.511  INFO 2576 --- [localhost-startStop-1] com.zaxxer.hikari.HikariDataSource       : HikariPool-1 - Start completed.
2018-07-01 21:45:46.575  INFO 2576 --- [localhost-startStop-1] j.LocalContainerEntityManagerFactoryBean : Building JPA container EntityManagerFactory for persistence unit 'default'
2018-07-01 21:45:46.601  INFO 2576 --- [localhost-startStop-1] o.hibernate.jpa.internal.util.LogHelper  : HHH000204: Processing PersistenceUnitInfo [
	name: default
	...]
2018-07-01 21:45:46.753  INFO 2576 --- [localhost-startStop-1] org.hibernate.Version                    : HHH000412: Hibernate Core {5.2.17.Final}
2018-07-01 21:45:46.756  INFO 2576 --- [localhost-startStop-1] org.hibernate.cfg.Environment            : HHH000206: hibernate.properties not found
2018-07-01 21:45:46.831  INFO 2576 --- [localhost-startStop-1] o.hibernate.annotations.common.Version   : HCANN000001: Hibernate Commons Annotations {5.0.1.Final}
2018-07-01 21:45:47.077  INFO 2576 --- [localhost-startStop-1] org.hibernate.dialect.Dialect            : HHH000400: Using dialect: org.hibernate.dialect.MySQL5InnoDBDialect
2018-07-01 21:45:47.752  INFO 2576 --- [localhost-startStop-1] j.LocalContainerEntityManagerFactoryBean : Initialized JPA EntityManagerFactory for persistence unit 'default'
2018-07-01 21:45:48.385  INFO 2576 --- [localhost-startStop-1] o.s.b.w.servlet.ServletRegistrationBean  : Servlet dispatcherServlet mapped to [/]
2018-07-01 21:45:48.387  INFO 2576 --- [localhost-startStop-1] o.s.b.w.servlet.ServletRegistrationBean  : Servlet com.blastfurnace.otr.servlet.EpisodePingServlet mapped to [/ping]
2018-07-01 21:45:48.388  INFO 2576 --- [localhost-startStop-1] o.s.b.w.servlet.ServletRegistrationBean  : Servlet com.blastfurnace.otr.servlet.LogServlet mapped to [/log]
2018-07-01 21:45:48.392  INFO 2576 --- [localhost-startStop-1] o.s.b.w.servlet.FilterRegistrationBean   : Mapping filter: 'characterEncodingFilter' to: [/*]
2018-07-01 21:45:48.393  INFO 2576 --- [localhost-startStop-1] o.s.b.w.servlet.FilterRegistrationBean   : Mapping filter: 'hiddenHttpMethodFilter' to: [/*]
2018-07-01 21:45:48.394  INFO 2576 --- [localhost-startStop-1] o.s.b.w.servlet.FilterRegistrationBean   : Mapping filter: 'httpPutFormContentFilter' to: [/*]
2018-07-01 21:45:48.394  INFO 2576 --- [localhost-startStop-1] o.s.b.w.servlet.FilterRegistrationBean   : Mapping filter: 'requestContextFilter' to: [/*]
2018-07-01 21:45:48.394  INFO 2576 --- [localhost-startStop-1] o.s.b.w.servlet.FilterRegistrationBean   : Mapping filter: 'httpTraceFilter' to: [/*]
2018-07-01 21:45:48.394  INFO 2576 --- [localhost-startStop-1] o.s.b.w.servlet.FilterRegistrationBean   : Mapping filter: 'webMvcMetricsFilter' to: [/*]
2018-07-01 21:45:48.558  INFO 2576 --- [main] o.s.w.s.handler.SimpleUrlHandlerMapping  : Mapped URL path [/**/favicon.ico] onto handler of type [class org.springframework.web.servlet.resource.ResourceHttpRequestHandler]
2018-07-01 21:45:48.940  INFO 2576 --- [main] s.w.s.m.m.a.RequestMappingHandlerAdapter : Looking for @ControllerAdvice: org.springframework.boot.web.servlet.context.AnnotationConfigServletWebServerApplicationContext@21be3395: startup date [Sun Jul 01 21:45:43 EDT 2018]; root of context hierarchy
2018-07-01 21:45:48.995  WARN 2576 --- [main] aWebConfiguration$JpaWebMvcConfiguration : spring.jpa.open-in-view is enabled by default. Therefore, database queries may be performed during view rendering. Explicitly configure spring.jpa.open-in-view to disable this warning
2018-07-01 21:45:49.040  INFO 2576 --- [main] s.w.s.m.m.a.RequestMappingHandlerMapping : Mapped "{[/rest/get/{id:[\d]+}],methods=[GET]}" onto public org.springframework.http.ResponseEntity<com.blastfurnace.otr.service.response.GenericResponse<com.blastfurnace.otr.data.episode.service.model.EpisodeDataWrapper>> com.blastfurnace.otr.episode.rest.EpisodeDataRestController.get(long)
2018-07-01 21:45:49.042  INFO 2576 --- [main] s.w.s.m.m.a.RequestMappingHandlerMapping : Mapped "{[/rest/delete/{id:[\d]+}],methods=[DELETE]}" onto public org.springframework.http.ResponseEntity<com.blastfurnace.otr.service.response.GenericResponse<java.lang.String>> com.blastfurnace.otr.episode.rest.EpisodeDataRestController.delete(long)
2018-07-01 21:45:49.043  INFO 2576 --- [main] s.w.s.m.m.a.RequestMappingHandlerMapping : Mapped "{[/rest],methods=[POST]}" onto public org.springframework.http.ResponseEntity<com.blastfurnace.otr.service.response.GenericResponse<com.blastfurnace.otr.data.episode.service.model.EpisodeDataWrapper>> com.blastfurnace.otr.episode.rest.EpisodeDataRestController.save(com.blastfurnace.otr.data.episode.service.model.EpisodeDataWrapper)
2018-07-01 21:45:49.043  INFO 2576 --- [main] s.w.s.m.m.a.RequestMappingHandlerMapping : Mapped "{[/rest],methods=[GET]}" onto public org.springframework.http.ResponseEntity<java.util.List<com.blastfurnace.otr.service.response.GenericResponse<java.util.List<java.util.Map<java.lang.String, java.lang.Object>>>>> com.blastfurnace.otr.episode.rest.EpisodeDataRestController.query(java.util.Map<java.lang.String, java.lang.String>)
2018-07-01 21:45:49.044  INFO 2576 --- [main] s.w.s.m.m.a.RequestMappingHandlerMapping : Mapped "{[/rest/resultsCount],methods=[GET]}" onto public org.springframework.http.ResponseEntity<com.blastfurnace.otr.service.response.GenericResponse<java.lang.Long>> com.blastfurnace.otr.episode.rest.EpisodeDataRestController.getResultsCount(java.util.Map<java.lang.String, java.lang.String>)
2018-07-01 21:45:49.044  INFO 2576 --- [main] s.w.s.m.m.a.RequestMappingHandlerMapping : Mapped "{[/rest/series/episodes/{seriesId:[\d]+}],methods=[GET]}" onto public org.springframework.http.ResponseEntity<com.blastfurnace.otr.service.response.GenericResponse<java.util.List<com.blastfurnace.otr.data.episode.service.model.EpisodeDataWrapper>>> com.blastfurnace.otr.episode.rest.EpisodeDataRestController.getSeriesEpisodes(long)
2018-07-01 21:45:49.047  INFO 2576 --- [main] s.w.s.m.m.a.RequestMappingHandlerMapping : Mapped "{[/error]}" onto public org.springframework.http.ResponseEntity<java.util.Map<java.lang.String, java.lang.Object>> org.springframework.boot.autoconfigure.web.servlet.error.BasicErrorController.error(javax.servlet.http.HttpServletRequest)
2018-07-01 21:45:49.048  INFO 2576 --- [main] s.w.s.m.m.a.RequestMappingHandlerMapping : Mapped "{[/error],produces=[text/html]}" onto public org.springframework.web.servlet.ModelAndView org.springframework.boot.autoconfigure.web.servlet.error.BasicErrorController.errorHtml(javax.servlet.http.HttpServletRequest,javax.servlet.http.HttpServletResponse)
2018-07-01 21:45:49.081  INFO 2576 --- [main] o.s.w.s.handler.SimpleUrlHandlerMapping  : Mapped URL path [/webjars/**] onto handler of type [class org.springframework.web.servlet.resource.ResourceHttpRequestHandler]
2018-07-01 21:45:49.082  INFO 2576 --- [main] o.s.w.s.handler.SimpleUrlHandlerMapping  : Mapped URL path [/**] onto handler of type [class org.springframework.web.servlet.resource.ResourceHttpRequestHandler]
2018-07-01 21:45:50.143  INFO 2576 --- [main] ConfigServletWebServerApplicationContext : Refreshing org.springframework.boot.web.servlet.context.AnnotationConfigServletWebServerApplicationContext@485e13d7: startup date [Sun Jul 01 21:45:50 EDT 2018]; parent: org.springframework.boot.web.servlet.context.AnnotationConfigServletWebServerApplicationContext@21be3395
2018-07-01 21:45:50.207  INFO 2576 --- [main] o.s.b.f.s.DefaultListableBeanFactory     : Overriding bean definition for bean 'handlerExceptionResolver' with a different definition: replacing [Root bean: class [null]; scope=; abstract=false; lazyInit=false; autowireMode=3; dependencyCheck=0; autowireCandidate=true; primary=false; factoryBeanName=org.springframework.web.servlet.config.annotation.DelegatingWebMvcConfiguration; factoryMethodName=handlerExceptionResolver; initMethodName=null; destroyMethodName=(inferred); defined in class path resource [org/springframework/web/servlet/config/annotation/DelegatingWebMvcConfiguration.class]] with [Root bean: class [null]; scope=; abstract=false; lazyInit=false; autowireMode=3; dependencyCheck=0; autowireCandidate=true; primary=false; factoryBeanName=org.springframework.boot.actuate.autoconfigure.web.servlet.WebMvcEndpointChildContextConfiguration; factoryMethodName=compositeHandlerExceptionResolver; initMethodName=null; destroyMethodName=(inferred); defined in class path resource [org/springframework/boot/actuate/autoconfigure/web/servlet/WebMvcEndpointChildContextConfiguration.class]]
2018-07-01 21:45:50.270  INFO 2576 --- [main] o.s.b.w.embedded.tomcat.TomcatWebServer  : Tomcat initialized with port(s): 9001 (http)
2018-07-01 21:45:50.272  INFO 2576 --- [main] o.apache.catalina.core.StandardService   : Starting service [Tomcat]
2018-07-01 21:45:50.273  INFO 2576 --- [main] org.apache.catalina.core.StandardEngine  : Starting Servlet Engine: Apache Tomcat/8.5.31
2018-07-01 21:45:50.285  INFO 2576 --- [localhost-startStop-1] o.a.c.c.C.[Tomcat-1].[localhost].[/]     : Initializing Spring embedded WebApplicationContext
2018-07-01 21:45:50.286  INFO 2576 --- [localhost-startStop-1] o.s.web.context.ContextLoader            : Root WebApplicationContext: initialization completed in 143 ms
2018-07-01 21:45:50.317  INFO 2576 --- [localhost-startStop-1] o.s.b.w.servlet.ServletRegistrationBean  : Servlet dispatcherServlet mapped to [/]
2018-07-01 21:45:50.343  INFO 2576 --- [main] o.s.b.a.e.web.EndpointLinksResolver      : Exposing 2 endpoint(s) beneath base path '/actuator'
2018-07-01 21:45:50.356  INFO 2576 --- [main] s.b.a.e.w.s.WebMvcEndpointHandlerMapping : Mapped "{[/actuator/health],methods=[GET],produces=[application/vnd.spring-boot.actuator.v2+json || application/json]}" onto public java.lang.Object org.springframework.boot.actuate.endpoint.web.servlet.AbstractWebMvcEndpointHandlerMapping$OperationHandler.handle(javax.servlet.http.HttpServletRequest,java.util.Map<java.lang.String, java.lang.String>)
2018-07-01 21:45:50.357  INFO 2576 --- [main] s.b.a.e.w.s.WebMvcEndpointHandlerMapping : Mapped "{[/actuator/info],methods=[GET],produces=[application/vnd.spring-boot.actuator.v2+json || application/json]}" onto public java.lang.Object org.springframework.boot.actuate.endpoint.web.servlet.AbstractWebMvcEndpointHandlerMapping$OperationHandler.handle(javax.servlet.http.HttpServletRequest,java.util.Map<java.lang.String, java.lang.String>)
2018-07-01 21:45:50.358  INFO 2576 --- [main] s.b.a.e.w.s.WebMvcEndpointHandlerMapping : Mapped "{[/actuator],methods=[GET],produces=[application/vnd.spring-boot.actuator.v2+json || application/json]}" onto protected java.util.Map<java.lang.String, java.util.Map<java.lang.String, org.springframework.boot.actuate.endpoint.web.Link>> org.springframework.boot.actuate.endpoint.web.servlet.WebMvcEndpointHandlerMapping.links(javax.servlet.http.HttpServletRequest,javax.servlet.http.HttpServletResponse)
2018-07-01 21:45:50.399  INFO 2576 --- [main] s.w.s.m.m.a.RequestMappingHandlerMapping : Mapped "{[/error]}" onto public java.util.Map<java.lang.String, java.lang.Object> org.springframework.boot.actuate.autoconfigure.web.servlet.ManagementErrorEndpoint.invoke(org.springframework.web.context.request.ServletWebRequest)
2018-07-01 21:45:50.407  INFO 2576 --- [main] o.s.w.s.handler.SimpleUrlHandlerMapping  : Mapped URL path [/webjars/**] onto handler of type [class org.springframework.web.servlet.resource.ResourceHttpRequestHandler]
2018-07-01 21:45:50.407  INFO 2576 --- [main] o.s.w.s.handler.SimpleUrlHandlerMapping  : Mapped URL path [/**] onto handler of type [class org.springframework.web.servlet.resource.ResourceHttpRequestHandler]
2018-07-01 21:45:50.430  INFO 2576 --- [main] s.w.s.m.m.a.RequestMappingHandlerAdapter : Looking for @ControllerAdvice: org.springframework.boot.web.servlet.context.AnnotationConfigServletWebServerApplicationContext@485e13d7: startup date [Sun Jul 01 21:45:50 EDT 2018]; parent: org.springframework.boot.web.servlet.context.AnnotationConfigServletWebServerApplicationContext@21be3395
2018-07-01 21:45:50.490  INFO 2576 --- [main] o.s.b.w.embedded.tomcat.TomcatWebServer  : Tomcat started on port(s): 9001 (http) with context path ''
2018-07-01 21:45:50.512  INFO 2576 --- [main] o.s.b.w.embedded.tomcat.TomcatWebServer  : Tomcat started on port(s): 57545 (http) with context path ''
2018-07-01 21:45:50.514  INFO 2576 --- [main] c.b.o.e.EpisodeServiceApplicationTests   : Started EpisodeServiceApplicationTests in 9.018 seconds (JVM running for 9.771)
2018-07-01 21:45:50.743  INFO 2576 --- [http-nio-127.0.0.1-9001-exec-1] o.a.c.c.C.[Tomcat-1].[localhost].[/]     : Initializing Spring FrameworkServlet 'dispatcherServlet'
2018-07-01 21:45:50.744  INFO 2576 --- [http-nio-127.0.0.1-9001-exec-1] o.s.web.servlet.DispatcherServlet        : FrameworkServlet 'dispatcherServlet': initialization started
2018-07-01 21:45:50.767  INFO 2576 --- [http-nio-127.0.0.1-9001-exec-1] o.s.web.servlet.DispatcherServlet        : FrameworkServlet 'dispatcherServlet': initialization completed in 23 ms
2018-07-01 21:45:50.958  INFO 2576 --- [http-nio-auto-1-exec-1] o.a.c.c.C.[Tomcat].[localhost].[/]       : Initializing Spring FrameworkServlet 'dispatcherServlet'
2018-07-01 21:45:50.959  INFO 2576 --- [http-nio-auto-1-exec-1] o.s.web.servlet.DispatcherServlet        : FrameworkServlet 'dispatcherServlet': initialization started
2018-07-01 21:45:50.968  INFO 2576 --- [http-nio-auto-1-exec-1] o.s.web.servlet.DispatcherServlet        : FrameworkServlet 'dispatcherServlet': initialization completed in 9 ms
2018-07-01 21:45:51.030 DEBUG 2576 --- [http-nio-auto-1-exec-1] org.hibernate.SQL                        : select episode0_.id as id1_1_0_, episode0_.broadcast_date as broadcas2_1_0_, episode0_.episode_number as episode_3_1_0_, episode0_.exists as exists4_1_0_, episode0_.have as have5_1_0_, episode0_.search_title as search_t6_1_0_, episode0_.series_id as series_i7_1_0_, episode0_.title as title8_1_0_ from episodes episode0_ where episode0_.id=?
2018-07-01 21:45:51.229  INFO 2576 --- [http-nio-auto-1-exec-1] o.h.h.i.QueryTranslatorFactoryInitiator  : HHH000397: Using ASTQueryTranslatorFactory
2018-07-01 21:45:51.376 DEBUG 2576 --- [http-nio-auto-1-exec-1] org.hibernate.SQL                        : select episodesum0_.id as id1_0_, episodesum0_.afrs_disc as afrs_dis2_0_, episodesum0_.afrs_program_name as afrs_pro3_0_, episodesum0_.auditioned as audition4_0_, episodesum0_.broadcast_date as broadcas5_0_, episodesum0_.broadcaster as broadcas6_0_, episodesum0_.commercials_added_locally as commerci7_0_, episodesum0_.commercials_deleted as commerci8_0_, episodesum0_.episode_id as episode_9_0_, episodesum0_.episode_number as episode10_0_, episodesum0_.length as length11_0_, episodesum0_.music_fill_for_local_commercial_insert as music_f12_0_, episodesum0_.recording_date as recordi13_0_, episodesum0_.recording_notes as recordi14_0_, episodesum0_.reference_id as referen15_0_, episodesum0_.series_id as series_16_0_, episodesum0_.sponsor as sponsor17_0_, episodesum0_.summary as summary18_0_, episodesum0_.title as title19_0_ from episode_summary episodesum0_ where episodesum0_.episode_id=?
2018-07-01 21:45:52.276 DEBUG 2576 --- [http-nio-auto-1-exec-2] org.hibernate.SQL                        : select episode0_.id as id1_1_0_, episode0_.broadcast_date as broadcas2_1_0_, episode0_.episode_number as episode_3_1_0_, episode0_.exists as exists4_1_0_, episode0_.have as have5_1_0_, episode0_.search_title as search_t6_1_0_, episode0_.series_id as series_i7_1_0_, episode0_.title as title8_1_0_ from episodes episode0_ where episode0_.id=?
2018-07-01 21:45:52.279 DEBUG 2576 --- [http-nio-auto-1-exec-2] org.hibernate.SQL                        : select episodesum0_.id as id1_0_, episodesum0_.afrs_disc as afrs_dis2_0_, episodesum0_.afrs_program_name as afrs_pro3_0_, episodesum0_.auditioned as audition4_0_, episodesum0_.broadcast_date as broadcas5_0_, episodesum0_.broadcaster as broadcas6_0_, episodesum0_.commercials_added_locally as commerci7_0_, episodesum0_.commercials_deleted as commerci8_0_, episodesum0_.episode_id as episode_9_0_, episodesum0_.episode_number as episode10_0_, episodesum0_.length as length11_0_, episodesum0_.music_fill_for_local_commercial_insert as music_f12_0_, episodesum0_.recording_date as recordi13_0_, episodesum0_.recording_notes as recordi14_0_, episodesum0_.reference_id as referen15_0_, episodesum0_.series_id as series_16_0_, episodesum0_.sponsor as sponsor17_0_, episodesum0_.summary as summary18_0_, episodesum0_.title as title19_0_ from episode_summary episodesum0_ where episodesum0_.episode_id=?
2018-07-01 21:45:52.549 DEBUG 2576 --- [http-nio-auto-1-exec-3] org.hibernate.SQL                        : select episode0_.id as id1_1_0_, episode0_.broadcast_date as broadcas2_1_0_, episode0_.episode_number as episode_3_1_0_, episode0_.exists as exists4_1_0_, episode0_.have as have5_1_0_, episode0_.search_title as search_t6_1_0_, episode0_.series_id as series_i7_1_0_, episode0_.title as title8_1_0_ from episodes episode0_ where episode0_.id=?
2018-07-01 21:45:52.553 DEBUG 2576 --- [http-nio-auto-1-exec-3] org.hibernate.SQL                        : select episodesum0_.id as id1_0_, episodesum0_.afrs_disc as afrs_dis2_0_, episodesum0_.afrs_program_name as afrs_pro3_0_, episodesum0_.auditioned as audition4_0_, episodesum0_.broadcast_date as broadcas5_0_, episodesum0_.broadcaster as broadcas6_0_, episodesum0_.commercials_added_locally as commerci7_0_, episodesum0_.commercials_deleted as commerci8_0_, episodesum0_.episode_id as episode_9_0_, episodesum0_.episode_number as episode10_0_, episodesum0_.length as length11_0_, episodesum0_.music_fill_for_local_commercial_insert as music_f12_0_, episodesum0_.recording_date as recordi13_0_, episodesum0_.recording_notes as recordi14_0_, episodesum0_.reference_id as referen15_0_, episodesum0_.series_id as series_16_0_, episodesum0_.sponsor as sponsor17_0_, episodesum0_.summary as summary18_0_, episodesum0_.title as title19_0_ from episode_summary episodesum0_ where episodesum0_.episode_id=?
2018-07-01 21:45:52.809  INFO 2576 --- [Thread-6] ConfigServletWebServerApplicationContext : Closing org.springframework.boot.web.servlet.context.AnnotationConfigServletWebServerApplicationContext@21be3395: startup date [Sun Jul 01 21:45:43 EDT 2018]; root of context hierarchy
2018-07-01 21:45:52.810  INFO 2576 --- [Thread-6] ConfigServletWebServerApplicationContext : Closing org.springframework.boot.web.servlet.context.AnnotationConfigServletWebServerApplicationContext@485e13d7: startup date [Sun Jul 01 21:45:50 EDT 2018]; parent: org.springframework.boot.web.servlet.context.AnnotationConfigServletWebServerApplicationContext@21be3395
2018-07-01 21:45:52.875  INFO 2576 --- [Thread-6] j.LocalContainerEntityManagerFactoryBean : Closing JPA EntityManagerFactory for persistence unit 'default'
2018-07-01 21:45:52.877  INFO 2576 --- [Thread-6] com.zaxxer.hikari.HikariDataSource       : HikariPool-1 - Shutdown initiated...
2018-07-01 21:45:52.882  INFO 2576 --- [Thread-6] com.zaxxer.hikari.HikariDataSource       : HikariPool-1 - Shutdown completed.
2018-07-01 21:51:44.547  INFO 1300 --- [main] c.b.o.e.EpisodeServiceApplicationTests   : Starting EpisodeServiceApplicationTests on jim_8-PC with PID 1300 (started by jim_8 in C:\workspace\otr-services-episode-data-spring)
2018-07-01 21:51:44.553  INFO 1300 --- [main] c.b.o.e.EpisodeServiceApplicationTests   : The following profiles are active: dev
2018-07-01 21:51:44.571  INFO 1300 --- [main] ConfigServletWebServerApplicationContext : Refreshing org.springframework.boot.web.servlet.context.AnnotationConfigServletWebServerApplicationContext@4f49f6af: startup date [Sun Jul 01 21:51:44 EDT 2018]; root of context hierarchy
2018-07-01 21:51:45.904  INFO 1300 --- [main] trationDelegate$BeanPostProcessorChecker : Bean 'org.springframework.transaction.annotation.ProxyTransactionManagementConfiguration' of type [org.springframework.transaction.annotation.ProxyTransactionManagementConfiguration$$EnhancerBySpringCGLIB$$55d5900a] is not eligible for getting processed by all BeanPostProcessors (for example: not eligible for auto-proxying)
2018-07-01 21:51:46.363  INFO 1300 --- [main] o.s.b.w.embedded.tomcat.TomcatWebServer  : Tomcat initialized with port(s): 0 (http)
2018-07-01 21:51:46.386  INFO 1300 --- [main] o.apache.catalina.core.StandardService   : Starting service [Tomcat]
2018-07-01 21:51:46.386  INFO 1300 --- [main] org.apache.catalina.core.StandardEngine  : Starting Servlet Engine: Apache Tomcat/8.5.31
2018-07-01 21:51:46.393  INFO 1300 --- [localhost-startStop-1] o.a.catalina.core.AprLifecycleListener   : The APR based Apache Tomcat Native library which allows optimal performance in production environments was not found on the java.library.path: [C:\Program Files\Java\jdk1.8.0_92\jre\bin;C:\Windows\Sun\Java\bin;C:\Windows\system32;C:\Windows;C:/Program Files/Java/jdk1.8.0_92/bin/../jre/bin/server;C:/Program Files/Java/jdk1.8.0_92/bin/../jre/bin;C:/Program Files/Java/jdk1.8.0_92/bin/../jre/lib/amd64;C:\Program Files\Java\jdk1.8.0_92\bin;C:\Program Files\curl-7.60.0-win64-mingw\bin;C:\ProgramData\Oracle\Java\javapath;C:\Program Files (x86)\Intel\iCLS Client\;C:\Program Files\Intel\iCLS Client\;C:\Program Files\Common Files\Microsoft Shared\Windows Live;C:\Program Files (x86)\Common Files\Microsoft Shared\Windows Live;C:\Windows\system32;C:\Windows;C:\Windows\System32\Wbem;C:\Windows\System32\WindowsPowerShell\v1.0\;C:\Program Files (x86)\Windows Live\Shared;C:\Program Files (x86)\Intel\OpenCL SDK\3.0\bin\x86;C:\Program Files (x86)\Intel\OpenCL SDK\3.0\bin\x64;C:\Program Files\Intel\Intel(R) Management Engine Components\DAL;C:\Program Files\Intel\Intel(R) Management Engine Components\IPT;C:\Program Files (x86)\Intel\Intel(R) Management Engine Components\DAL;C:\Program Files (x86)\Intel\Intel(R) Management Engine Components\IPT;C:\Program Files (x86)\MySQL\MySQL Fabric 1.5.4 & MySQL Utilities 1.5.4 1.5\;C:\Program Files (x86)\MySQL\MySQL Fabric 1.5.4 & MySQL Utilities 1.5.4 1.5\Doctrine extensions for PHP\;C:\Program Files\nodejs\;C:\Users\jim_8\AppData\Roaming\npm;C:\Windows\system32;;.]
2018-07-01 21:51:46.493  INFO 1300 --- [localhost-startStop-1] o.a.c.c.C.[Tomcat].[localhost].[/]       : Initializing Spring embedded WebApplicationContext
2018-07-01 21:51:46.493  INFO 1300 --- [localhost-startStop-1] o.s.web.context.ContextLoader            : Root WebApplicationContext: initialization completed in 1922 ms
2018-07-01 21:51:46.904  INFO 1300 --- [localhost-startStop-1] com.zaxxer.hikari.HikariDataSource       : HikariPool-1 - Starting...
2018-07-01 21:51:47.126  INFO 1300 --- [localhost-startStop-1] com.zaxxer.hikari.HikariDataSource       : HikariPool-1 - Start completed.
2018-07-01 21:51:47.181  INFO 1300 --- [localhost-startStop-1] j.LocalContainerEntityManagerFactoryBean : Building JPA container EntityManagerFactory for persistence unit 'default'
2018-07-01 21:51:47.204  INFO 1300 --- [localhost-startStop-1] o.hibernate.jpa.internal.util.LogHelper  : HHH000204: Processing PersistenceUnitInfo [
	name: default
	...]
2018-07-01 21:51:47.294  INFO 1300 --- [localhost-startStop-1] org.hibernate.Version                    : HHH000412: Hibernate Core {5.2.17.Final}
2018-07-01 21:51:47.297  INFO 1300 --- [localhost-startStop-1] org.hibernate.cfg.Environment            : HHH000206: hibernate.properties not found
2018-07-01 21:51:47.344  INFO 1300 --- [localhost-startStop-1] o.hibernate.annotations.common.Version   : HCANN000001: Hibernate Commons Annotations {5.0.1.Final}
2018-07-01 21:51:47.492  INFO 1300 --- [localhost-startStop-1] org.hibernate.dialect.Dialect            : HHH000400: Using dialect: org.hibernate.dialect.MySQL5InnoDBDialect
2018-07-01 21:51:48.007  INFO 1300 --- [localhost-startStop-1] j.LocalContainerEntityManagerFactoryBean : Initialized JPA EntityManagerFactory for persistence unit 'default'
2018-07-01 21:51:48.513  INFO 1300 --- [localhost-startStop-1] o.s.b.w.servlet.ServletRegistrationBean  : Servlet dispatcherServlet mapped to [/]
2018-07-01 21:51:48.515  INFO 1300 --- [localhost-startStop-1] o.s.b.w.servlet.ServletRegistrationBean  : Servlet com.blastfurnace.otr.servlet.EpisodePingServlet mapped to [/ping]
2018-07-01 21:51:48.516  INFO 1300 --- [localhost-startStop-1] o.s.b.w.servlet.ServletRegistrationBean  : Servlet com.blastfurnace.otr.servlet.LogServlet mapped to [/log]
2018-07-01 21:51:48.519  INFO 1300 --- [localhost-startStop-1] o.s.b.w.servlet.FilterRegistrationBean   : Mapping filter: 'characterEncodingFilter' to: [/*]
2018-07-01 21:51:48.520  INFO 1300 --- [localhost-startStop-1] o.s.b.w.servlet.FilterRegistrationBean   : Mapping filter: 'hiddenHttpMethodFilter' to: [/*]
2018-07-01 21:51:48.521  INFO 1300 --- [localhost-startStop-1] o.s.b.w.servlet.FilterRegistrationBean   : Mapping filter: 'httpPutFormContentFilter' to: [/*]
2018-07-01 21:51:48.521  INFO 1300 --- [localhost-startStop-1] o.s.b.w.servlet.FilterRegistrationBean   : Mapping filter: 'requestContextFilter' to: [/*]
2018-07-01 21:51:48.521  INFO 1300 --- [localhost-startStop-1] o.s.b.w.servlet.FilterRegistrationBean   : Mapping filter: 'httpTraceFilter' to: [/*]
2018-07-01 21:51:48.522  INFO 1300 --- [localhost-startStop-1] o.s.b.w.servlet.FilterRegistrationBean   : Mapping filter: 'webMvcMetricsFilter' to: [/*]
2018-07-01 21:51:48.662  INFO 1300 --- [main] o.s.w.s.handler.SimpleUrlHandlerMapping  : Mapped URL path [/**/favicon.ico] onto handler of type [class org.springframework.web.servlet.resource.ResourceHttpRequestHandler]
2018-07-01 21:51:48.989  INFO 1300 --- [main] s.w.s.m.m.a.RequestMappingHandlerAdapter : Looking for @ControllerAdvice: org.springframework.boot.web.servlet.context.AnnotationConfigServletWebServerApplicationContext@4f49f6af: startup date [Sun Jul 01 21:51:44 EDT 2018]; root of context hierarchy
2018-07-01 21:51:49.027  WARN 1300 --- [main] aWebConfiguration$JpaWebMvcConfiguration : spring.jpa.open-in-view is enabled by default. Therefore, database queries may be performed during view rendering. Explicitly configure spring.jpa.open-in-view to disable this warning
2018-07-01 21:51:49.070  INFO 1300 --- [main] s.w.s.m.m.a.RequestMappingHandlerMapping : Mapped "{[/rest/get/{id:[\d]+}],methods=[GET]}" onto public org.springframework.http.ResponseEntity<com.blastfurnace.otr.service.response.GenericResponse<com.blastfurnace.otr.data.episode.service.model.EpisodeDataWrapper>> com.blastfurnace.otr.episode.rest.EpisodeDataRestController.get(long)
2018-07-01 21:51:49.071  INFO 1300 --- [main] s.w.s.m.m.a.RequestMappingHandlerMapping : Mapped "{[/rest/delete/{id:[\d]+}],methods=[DELETE]}" onto public org.springframework.http.ResponseEntity<com.blastfurnace.otr.service.response.GenericResponse<java.lang.String>> com.blastfurnace.otr.episode.rest.EpisodeDataRestController.delete(long)
2018-07-01 21:51:49.072  INFO 1300 --- [main] s.w.s.m.m.a.RequestMappingHandlerMapping : Mapped "{[/rest],methods=[POST]}" onto public org.springframework.http.ResponseEntity<com.blastfurnace.otr.service.response.GenericResponse<com.blastfurnace.otr.data.episode.service.model.EpisodeDataWrapper>> com.blastfurnace.otr.episode.rest.EpisodeDataRestController.save(com.blastfurnace.otr.data.episode.service.model.EpisodeDataWrapper)
2018-07-01 21:51:49.072  INFO 1300 --- [main] s.w.s.m.m.a.RequestMappingHandlerMapping : Mapped "{[/rest],methods=[GET]}" onto public org.springframework.http.ResponseEntity<java.util.List<com.blastfurnace.otr.service.response.GenericResponse<java.util.List<java.util.Map<java.lang.String, java.lang.Object>>>>> com.blastfurnace.otr.episode.rest.EpisodeDataRestController.query(java.util.Map<java.lang.String, java.lang.String>)
2018-07-01 21:51:49.072  INFO 1300 --- [main] s.w.s.m.m.a.RequestMappingHandlerMapping : Mapped "{[/rest/resultsCount],methods=[GET]}" onto public org.springframework.http.ResponseEntity<com.blastfurnace.otr.service.response.GenericResponse<java.lang.Long>> com.blastfurnace.otr.episode.rest.EpisodeDataRestController.getResultsCount(java.util.Map<java.lang.String, java.lang.String>)
2018-07-01 21:51:49.073  INFO 1300 --- [main] s.w.s.m.m.a.RequestMappingHandlerMapping : Mapped "{[/rest/series/episodes/{seriesId:[\d]+}],methods=[GET]}" onto public org.springframework.http.ResponseEntity<com.blastfurnace.otr.service.response.GenericResponse<java.util.List<com.blastfurnace.otr.data.episode.service.model.EpisodeDataWrapper>>> com.blastfurnace.otr.episode.rest.EpisodeDataRestController.getSeriesEpisodes(long)
2018-07-01 21:51:49.075  INFO 1300 --- [main] s.w.s.m.m.a.RequestMappingHandlerMapping : Mapped "{[/error]}" onto public org.springframework.http.ResponseEntity<java.util.Map<java.lang.String, java.lang.Object>> org.springframework.boot.autoconfigure.web.servlet.error.BasicErrorController.error(javax.servlet.http.HttpServletRequest)
2018-07-01 21:51:49.076  INFO 1300 --- [main] s.w.s.m.m.a.RequestMappingHandlerMapping : Mapped "{[/error],produces=[text/html]}" onto public org.springframework.web.servlet.ModelAndView org.springframework.boot.autoconfigure.web.servlet.error.BasicErrorController.errorHtml(javax.servlet.http.HttpServletRequest,javax.servlet.http.HttpServletResponse)
2018-07-01 21:51:49.113  INFO 1300 --- [main] o.s.w.s.handler.SimpleUrlHandlerMapping  : Mapped URL path [/webjars/**] onto handler of type [class org.springframework.web.servlet.resource.ResourceHttpRequestHandler]
2018-07-01 21:51:49.113  INFO 1300 --- [main] o.s.w.s.handler.SimpleUrlHandlerMapping  : Mapped URL path [/**] onto handler of type [class org.springframework.web.servlet.resource.ResourceHttpRequestHandler]
2018-07-01 21:51:50.099  INFO 1300 --- [main] ConfigServletWebServerApplicationContext : Refreshing org.springframework.boot.web.servlet.context.AnnotationConfigServletWebServerApplicationContext@43984213: startup date [Sun Jul 01 21:51:50 EDT 2018]; parent: org.springframework.boot.web.servlet.context.AnnotationConfigServletWebServerApplicationContext@4f49f6af
2018-07-01 21:51:50.144  INFO 1300 --- [main] o.s.b.f.s.DefaultListableBeanFactory     : Overriding bean definition for bean 'handlerExceptionResolver' with a different definition: replacing [Root bean: class [null]; scope=; abstract=false; lazyInit=false; autowireMode=3; dependencyCheck=0; autowireCandidate=true; primary=false; factoryBeanName=org.springframework.web.servlet.config.annotation.DelegatingWebMvcConfiguration; factoryMethodName=handlerExceptionResolver; initMethodName=null; destroyMethodName=(inferred); defined in class path resource [org/springframework/web/servlet/config/annotation/DelegatingWebMvcConfiguration.class]] with [Root bean: class [null]; scope=; abstract=false; lazyInit=false; autowireMode=3; dependencyCheck=0; autowireCandidate=true; primary=false; factoryBeanName=org.springframework.boot.actuate.autoconfigure.web.servlet.WebMvcEndpointChildContextConfiguration; factoryMethodName=compositeHandlerExceptionResolver; initMethodName=null; destroyMethodName=(inferred); defined in class path resource [org/springframework/boot/actuate/autoconfigure/web/servlet/WebMvcEndpointChildContextConfiguration.class]]
2018-07-01 21:51:50.184  INFO 1300 --- [main] o.s.b.w.embedded.tomcat.TomcatWebServer  : Tomcat initialized with port(s): 9001 (http)
2018-07-01 21:51:50.187  INFO 1300 --- [main] o.apache.catalina.core.StandardService   : Starting service [Tomcat]
2018-07-01 21:51:50.187  INFO 1300 --- [main] org.apache.catalina.core.StandardEngine  : Starting Servlet Engine: Apache Tomcat/8.5.31
2018-07-01 21:51:50.201  INFO 1300 --- [localhost-startStop-1] o.a.c.c.C.[Tomcat-1].[localhost].[/]     : Initializing Spring embedded WebApplicationContext
2018-07-01 21:51:50.201  INFO 1300 --- [localhost-startStop-1] o.s.web.context.ContextLoader            : Root WebApplicationContext: initialization completed in 102 ms
2018-07-01 21:51:50.224  INFO 1300 --- [localhost-startStop-1] o.s.b.w.servlet.ServletRegistrationBean  : Servlet dispatcherServlet mapped to [/]
2018-07-01 21:51:50.246  INFO 1300 --- [main] o.s.b.a.e.web.EndpointLinksResolver      : Exposing 2 endpoint(s) beneath base path '/actuator'
2018-07-01 21:51:50.259  INFO 1300 --- [main] s.b.a.e.w.s.WebMvcEndpointHandlerMapping : Mapped "{[/actuator/health],methods=[GET],produces=[application/vnd.spring-boot.actuator.v2+json || application/json]}" onto public java.lang.Object org.springframework.boot.actuate.endpoint.web.servlet.AbstractWebMvcEndpointHandlerMapping$OperationHandler.handle(javax.servlet.http.HttpServletRequest,java.util.Map<java.lang.String, java.lang.String>)
2018-07-01 21:51:50.260  INFO 1300 --- [main] s.b.a.e.w.s.WebMvcEndpointHandlerMapping : Mapped "{[/actuator/info],methods=[GET],produces=[application/vnd.spring-boot.actuator.v2+json || application/json]}" onto public java.lang.Object org.springframework.boot.actuate.endpoint.web.servlet.AbstractWebMvcEndpointHandlerMapping$OperationHandler.handle(javax.servlet.http.HttpServletRequest,java.util.Map<java.lang.String, java.lang.String>)
2018-07-01 21:51:50.261  INFO 1300 --- [main] s.b.a.e.w.s.WebMvcEndpointHandlerMapping : Mapped "{[/actuator],methods=[GET],produces=[application/vnd.spring-boot.actuator.v2+json || application/json]}" onto protected java.util.Map<java.lang.String, java.util.Map<java.lang.String, org.springframework.boot.actuate.endpoint.web.Link>> org.springframework.boot.actuate.endpoint.web.servlet.WebMvcEndpointHandlerMapping.links(javax.servlet.http.HttpServletRequest,javax.servlet.http.HttpServletResponse)
2018-07-01 21:51:50.294  INFO 1300 --- [main] s.w.s.m.m.a.RequestMappingHandlerMapping : Mapped "{[/error]}" onto public java.util.Map<java.lang.String, java.lang.Object> org.springframework.boot.actuate.autoconfigure.web.servlet.ManagementErrorEndpoint.invoke(org.springframework.web.context.request.ServletWebRequest)
2018-07-01 21:51:50.301  INFO 1300 --- [main] o.s.w.s.handler.SimpleUrlHandlerMapping  : Mapped URL path [/webjars/**] onto handler of type [class org.springframework.web.servlet.resource.ResourceHttpRequestHandler]
2018-07-01 21:51:50.301  INFO 1300 --- [main] o.s.w.s.handler.SimpleUrlHandlerMapping  : Mapped URL path [/**] onto handler of type [class org.springframework.web.servlet.resource.ResourceHttpRequestHandler]
2018-07-01 21:51:50.319  INFO 1300 --- [main] s.w.s.m.m.a.RequestMappingHandlerAdapter : Looking for @ControllerAdvice: org.springframework.boot.web.servlet.context.AnnotationConfigServletWebServerApplicationContext@43984213: startup date [Sun Jul 01 21:51:50 EDT 2018]; parent: org.springframework.boot.web.servlet.context.AnnotationConfigServletWebServerApplicationContext@4f49f6af
2018-07-01 21:51:50.380  INFO 1300 --- [main] o.s.b.w.embedded.tomcat.TomcatWebServer  : Tomcat started on port(s): 9001 (http) with context path ''
2018-07-01 21:51:50.398  INFO 1300 --- [main] o.s.b.w.embedded.tomcat.TomcatWebServer  : Tomcat started on port(s): 57634 (http) with context path ''
2018-07-01 21:51:50.399  INFO 1300 --- [main] c.b.o.e.EpisodeServiceApplicationTests   : Started EpisodeServiceApplicationTests in 6.141 seconds (JVM running for 6.898)
2018-07-01 21:51:50.587  INFO 1300 --- [http-nio-127.0.0.1-9001-exec-1] o.a.c.c.C.[Tomcat-1].[localhost].[/]     : Initializing Spring FrameworkServlet 'dispatcherServlet'
2018-07-01 21:51:50.588  INFO 1300 --- [http-nio-127.0.0.1-9001-exec-1] o.s.web.servlet.DispatcherServlet        : FrameworkServlet 'dispatcherServlet': initialization started
2018-07-01 21:51:50.603  INFO 1300 --- [http-nio-127.0.0.1-9001-exec-1] o.s.web.servlet.DispatcherServlet        : FrameworkServlet 'dispatcherServlet': initialization completed in 15 ms
2018-07-01 21:51:50.747  INFO 1300 --- [http-nio-auto-1-exec-1] o.a.c.c.C.[Tomcat].[localhost].[/]       : Initializing Spring FrameworkServlet 'dispatcherServlet'
2018-07-01 21:51:50.748  INFO 1300 --- [http-nio-auto-1-exec-1] o.s.web.servlet.DispatcherServlet        : FrameworkServlet 'dispatcherServlet': initialization started
2018-07-01 21:51:50.759  INFO 1300 --- [http-nio-auto-1-exec-1] o.s.web.servlet.DispatcherServlet        : FrameworkServlet 'dispatcherServlet': initialization completed in 11 ms
2018-07-01 21:51:50.814 DEBUG 1300 --- [http-nio-auto-1-exec-1] org.hibernate.SQL                        : select episode0_.id as id1_1_0_, episode0_.broadcast_date as broadcas2_1_0_, episode0_.episode_number as episode_3_1_0_, episode0_.exists as exists4_1_0_, episode0_.have as have5_1_0_, episode0_.search_title as search_t6_1_0_, episode0_.series_id as series_i7_1_0_, episode0_.title as title8_1_0_ from episodes episode0_ where episode0_.id=?
2018-07-01 21:51:50.881  INFO 1300 --- [http-nio-auto-1-exec-1] o.h.h.i.QueryTranslatorFactoryInitiator  : HHH000397: Using ASTQueryTranslatorFactory
2018-07-01 21:51:51.011 DEBUG 1300 --- [http-nio-auto-1-exec-1] org.hibernate.SQL                        : select episodesum0_.id as id1_0_, episodesum0_.afrs_disc as afrs_dis2_0_, episodesum0_.afrs_program_name as afrs_pro3_0_, episodesum0_.auditioned as audition4_0_, episodesum0_.broadcast_date as broadcas5_0_, episodesum0_.broadcaster as broadcas6_0_, episodesum0_.commercials_added_locally as commerci7_0_, episodesum0_.commercials_deleted as commerci8_0_, episodesum0_.episode_id as episode_9_0_, episodesum0_.episode_number as episode10_0_, episodesum0_.length as length11_0_, episodesum0_.music_fill_for_local_commercial_insert as music_f12_0_, episodesum0_.recording_date as recordi13_0_, episodesum0_.recording_notes as recordi14_0_, episodesum0_.reference_id as referen15_0_, episodesum0_.series_id as series_16_0_, episodesum0_.sponsor as sponsor17_0_, episodesum0_.summary as summary18_0_, episodesum0_.title as title19_0_ from episode_summary episodesum0_ where episodesum0_.episode_id=?
2018-07-01 21:51:51.304 DEBUG 1300 --- [http-nio-auto-1-exec-2] org.hibernate.SQL                        : select episode0_.id as id1_1_0_, episode0_.broadcast_date as broadcas2_1_0_, episode0_.episode_number as episode_3_1_0_, episode0_.exists as exists4_1_0_, episode0_.have as have5_1_0_, episode0_.search_title as search_t6_1_0_, episode0_.series_id as series_i7_1_0_, episode0_.title as title8_1_0_ from episodes episode0_ where episode0_.id=?
2018-07-01 21:51:51.307 DEBUG 1300 --- [http-nio-auto-1-exec-2] org.hibernate.SQL                        : select episodesum0_.id as id1_0_, episodesum0_.afrs_disc as afrs_dis2_0_, episodesum0_.afrs_program_name as afrs_pro3_0_, episodesum0_.auditioned as audition4_0_, episodesum0_.broadcast_date as broadcas5_0_, episodesum0_.broadcaster as broadcas6_0_, episodesum0_.commercials_added_locally as commerci7_0_, episodesum0_.commercials_deleted as commerci8_0_, episodesum0_.episode_id as episode_9_0_, episodesum0_.episode_number as episode10_0_, episodesum0_.length as length11_0_, episodesum0_.music_fill_for_local_commercial_insert as music_f12_0_, episodesum0_.recording_date as recordi13_0_, episodesum0_.recording_notes as recordi14_0_, episodesum0_.reference_id as referen15_0_, episodesum0_.series_id as series_16_0_, episodesum0_.sponsor as sponsor17_0_, episodesum0_.summary as summary18_0_, episodesum0_.title as title19_0_ from episode_summary episodesum0_ where episodesum0_.episode_id=?
2018-07-01 21:51:51.536 DEBUG 1300 --- [http-nio-auto-1-exec-3] org.hibernate.SQL                        : select episode0_.id as id1_1_0_, episode0_.broadcast_date as broadcas2_1_0_, episode0_.episode_number as episode_3_1_0_, episode0_.exists as exists4_1_0_, episode0_.have as have5_1_0_, episode0_.search_title as search_t6_1_0_, episode0_.series_id as series_i7_1_0_, episode0_.title as title8_1_0_ from episodes episode0_ where episode0_.id=?
2018-07-01 21:51:51.538 DEBUG 1300 --- [http-nio-auto-1-exec-3] org.hibernate.SQL                        : select episodesum0_.id as id1_0_, episodesum0_.afrs_disc as afrs_dis2_0_, episodesum0_.afrs_program_name as afrs_pro3_0_, episodesum0_.auditioned as audition4_0_, episodesum0_.broadcast_date as broadcas5_0_, episodesum0_.broadcaster as broadcas6_0_, episodesum0_.commercials_added_locally as commerci7_0_, episodesum0_.commercials_deleted as commerci8_0_, episodesum0_.episode_id as episode_9_0_, episodesum0_.episode_number as episode10_0_, episodesum0_.length as length11_0_, episodesum0_.music_fill_for_local_commercial_insert as music_f12_0_, episodesum0_.recording_date as recordi13_0_, episodesum0_.recording_notes as recordi14_0_, episodesum0_.reference_id as referen15_0_, episodesum0_.series_id as series_16_0_, episodesum0_.sponsor as sponsor17_0_, episodesum0_.summary as summary18_0_, episodesum0_.title as title19_0_ from episode_summary episodesum0_ where episodesum0_.episode_id=?
2018-07-01 21:51:51.776  INFO 1300 --- [Thread-6] ConfigServletWebServerApplicationContext : Closing org.springframework.boot.web.servlet.context.AnnotationConfigServletWebServerApplicationContext@4f49f6af: startup date [Sun Jul 01 21:51:44 EDT 2018]; root of context hierarchy
2018-07-01 21:51:51.777  INFO 1300 --- [Thread-6] ConfigServletWebServerApplicationContext : Closing org.springframework.boot.web.servlet.context.AnnotationConfigServletWebServerApplicationContext@43984213: startup date [Sun Jul 01 21:51:50 EDT 2018]; parent: org.springframework.boot.web.servlet.context.AnnotationConfigServletWebServerApplicationContext@4f49f6af
2018-07-01 21:51:51.863  INFO 1300 --- [Thread-6] j.LocalContainerEntityManagerFactoryBean : Closing JPA EntityManagerFactory for persistence unit 'default'
2018-07-01 21:51:51.865  INFO 1300 --- [Thread-6] com.zaxxer.hikari.HikariDataSource       : HikariPool-1 - Shutdown initiated...
2018-07-01 21:51:51.869  INFO 1300 --- [Thread-6] com.zaxxer.hikari.HikariDataSource       : HikariPool-1 - Shutdown completed.
